{"/home/travis/build/npmtest/node-npmtest-cson/test.js":{"path":"/home/travis/build/npmtest/node-npmtest-cson/test.js","s":{"1":2,"2":2,"3":2,"4":2,"5":2,"6":2,"7":2,"8":1,"9":2,"10":2,"11":1,"12":1,"13":1,"14":1,"15":2,"16":2,"17":2,"18":2,"19":1,"20":1,"21":2,"22":2,"23":2,"24":1,"25":1,"26":1,"27":1,"28":1,"29":1,"30":1,"31":1,"32":1,"33":1,"34":1,"35":1,"36":1,"37":1,"38":1,"39":2,"40":2,"41":1,"42":2,"43":2,"44":1,"45":2,"46":2,"47":1,"48":2,"49":2,"50":1,"51":1,"52":1,"53":1,"54":1},"b":{"1":[2,1,1,1],"2":[1,1,1,1],"3":[1,1],"4":[1,1],"5":[1,1],"6":[1,1],"7":[1,1],"8":[1,1],"9":[1,1],"10":[1,1,1],"11":[1,1],"12":[1,1],"13":[1,1],"14":[1,1],"15":[1,1],"16":[1,1],"17":[1,1]},"f":{"1":2,"2":2,"3":2,"4":2,"5":2,"6":1,"7":1,"8":1,"9":2,"10":2,"11":2,"12":2,"13":1},"fnMap":{"1":{"name":"(anonymous_1)","line":12,"loc":{"start":{"line":12,"column":1},"end":{"line":12,"column":13}}},"2":{"name":"(anonymous_2)","line":19,"loc":{"start":{"line":19,"column":5},"end":{"line":19,"column":17}}},"3":{"name":"(anonymous_3)","line":23,"loc":{"start":{"line":23,"column":24},"end":{"line":23,"column":36}}},"4":{"name":"(anonymous_4)","line":61,"loc":{"start":{"line":61,"column":5},"end":{"line":61,"column":17}}},"5":{"name":"(anonymous_5)","line":82,"loc":{"start":{"line":82,"column":5},"end":{"line":82,"column":17}}},"6":{"name":"(anonymous_6)","line":91,"loc":{"start":{"line":91,"column":77},"end":{"line":94,"column":10}}},"7":{"name":"(anonymous_7)","line":112,"loc":{"start":{"line":112,"column":83},"end":{"line":115,"column":10}},"skip":true},"8":{"name":"(anonymous_8)","line":123,"loc":{"start":{"line":123,"column":77},"end":{"line":126,"column":10}},"skip":true},"9":{"name":"(anonymous_9)","line":139,"loc":{"start":{"line":139,"column":12},"end":{"line":139,"column":40}},"skip":true},"10":{"name":"(anonymous_10)","line":147,"loc":{"start":{"line":147,"column":77},"end":{"line":150,"column":10}},"skip":true},"11":{"name":"(anonymous_11)","line":158,"loc":{"start":{"line":158,"column":83},"end":{"line":161,"column":10}},"skip":true},"12":{"name":"(anonymous_12)","line":169,"loc":{"start":{"line":169,"column":79},"end":{"line":172,"column":10}},"skip":true},"13":{"name":"(anonymous_13)","line":180,"loc":{"start":{"line":180,"column":75},"end":{"line":183,"column":10}},"skip":true}},"statementMap":{"1":{"start":{"line":12,"column":0},"end":{"line":195,"column":5}},"2":{"start":{"line":14,"column":4},"end":{"line":14,"column":14}},"3":{"start":{"line":19,"column":4},"end":{"line":56,"column":9}},"4":{"start":{"line":21,"column":8},"end":{"line":21,"column":19}},"5":{"start":{"line":23,"column":8},"end":{"line":35,"column":13}},"6":{"start":{"line":24,"column":12},"end":{"line":34,"column":13}},"7":{"start":{"line":25,"column":16},"end":{"line":28,"column":30}},"8":{"start":{"line":30,"column":16},"end":{"line":33,"column":27}},"9":{"start":{"line":37,"column":8},"end":{"line":39,"column":21}},"10":{"start":{"line":40,"column":8},"end":{"line":53,"column":9}},"11":{"start":{"line":43,"column":12},"end":{"line":46,"column":14}},"12":{"start":{"line":47,"column":12},"end":{"line":47,"column":18}},"13":{"start":{"line":50,"column":12},"end":{"line":51,"column":46}},"14":{"start":{"line":52,"column":12},"end":{"line":52,"column":18}},"15":{"start":{"line":55,"column":8},"end":{"line":55,"column":35}},"16":{"start":{"line":61,"column":4},"end":{"line":63,"column":9}},"17":{"start":{"line":62,"column":8},"end":{"line":62,"column":15}},"18":{"start":{"line":64,"column":4},"end":{"line":77,"column":5}},"19":{"start":{"line":70,"column":8},"end":{"line":70,"column":14}},"20":{"start":{"line":76,"column":8},"end":{"line":76,"column":14}},"21":{"start":{"line":82,"column":4},"end":{"line":84,"column":9}},"22":{"start":{"line":83,"column":8},"end":{"line":83,"column":15}},"23":{"start":{"line":85,"column":4},"end":{"line":194,"column":5}},"24":{"start":{"line":91,"column":8},"end":{"line":99,"column":10}},"25":{"start":{"line":98,"column":12},"end":{"line":98,"column":35}},"26":{"start":{"line":102,"column":8},"end":{"line":104,"column":63}},"27":{"start":{"line":105,"column":8},"end":{"line":105,"column":14}},"28":{"start":{"line":112,"column":8},"end":{"line":121,"column":10},"skip":true},"29":{"start":{"line":119,"column":12},"end":{"line":119,"column":55},"skip":true},"30":{"start":{"line":120,"column":12},"end":{"line":120,"column":48},"skip":true},"31":{"start":{"line":123,"column":8},"end":{"line":136,"column":10},"skip":true},"32":{"start":{"line":130,"column":12},"end":{"line":130,"column":76},"skip":true},"33":{"start":{"line":131,"column":12},"end":{"line":131,"column":73},"skip":true},"34":{"start":{"line":132,"column":12},"end":{"line":132,"column":74},"skip":true},"35":{"start":{"line":133,"column":12},"end":{"line":133,"column":79},"skip":true},"36":{"start":{"line":134,"column":12},"end":{"line":134,"column":25},"skip":true},"37":{"start":{"line":135,"column":12},"end":{"line":135,"column":45},"skip":true},"38":{"start":{"line":138,"column":8},"end":{"line":145,"column":14},"skip":true},"39":{"start":{"line":143,"column":16},"end":{"line":143,"column":29},"skip":true},"40":{"start":{"line":144,"column":16},"end":{"line":144,"column":55},"skip":true},"41":{"start":{"line":147,"column":8},"end":{"line":156,"column":10},"skip":true},"42":{"start":{"line":154,"column":12},"end":{"line":154,"column":25},"skip":true},"43":{"start":{"line":155,"column":12},"end":{"line":155,"column":45},"skip":true},"44":{"start":{"line":158,"column":8},"end":{"line":167,"column":10},"skip":true},"45":{"start":{"line":165,"column":12},"end":{"line":165,"column":25},"skip":true},"46":{"start":{"line":166,"column":12},"end":{"line":166,"column":48},"skip":true},"47":{"start":{"line":169,"column":8},"end":{"line":178,"column":10},"skip":true},"48":{"start":{"line":176,"column":12},"end":{"line":176,"column":25},"skip":true},"49":{"start":{"line":177,"column":12},"end":{"line":177,"column":46},"skip":true},"50":{"start":{"line":180,"column":8},"end":{"line":189,"column":10},"skip":true},"51":{"start":{"line":187,"column":12},"end":{"line":187,"column":94},"skip":true},"52":{"start":{"line":188,"column":12},"end":{"line":188,"column":48},"skip":true},"53":{"start":{"line":192,"column":8},"end":{"line":192,"column":35},"skip":true},"54":{"start":{"line":193,"column":8},"end":{"line":193,"column":14},"skip":true}},"branchMap":{"1":{"line":25,"type":"binary-expr","locations":[{"start":{"line":25,"column":23},"end":{"line":25,"column":62}},{"start":{"line":26,"column":20},"end":{"line":26,"column":70}},{"start":{"line":27,"column":20},"end":{"line":27,"column":71}},{"start":{"line":28,"column":20},"end":{"line":28,"column":29}}]},"2":{"line":30,"type":"binary-expr","locations":[{"start":{"line":30,"column":23},"end":{"line":30,"column":37}},{"start":{"line":31,"column":20},"end":{"line":31,"column":61}},{"start":{"line":32,"column":20},"end":{"line":32,"column":70}},{"start":{"line":33,"column":20},"end":{"line":33,"column":26}}]},"3":{"line":37,"type":"cond-expr","locations":[{"start":{"line":38,"column":14},"end":{"line":38,"column":20}},{"start":{"line":39,"column":14},"end":{"line":39,"column":20}}]},"4":{"line":40,"type":"switch","locations":[{"start":{"line":42,"column":8},"end":{"line":47,"column":18}},{"start":{"line":49,"column":8},"end":{"line":52,"column":18}}]},"5":{"line":44,"type":"binary-expr","locations":[{"start":{"line":44,"column":16},"end":{"line":44,"column":44}},{"start":{"line":44,"column":48},"end":{"line":44,"column":66}}]},"6":{"line":50,"type":"binary-expr","locations":[{"start":{"line":50,"column":21},"end":{"line":50,"column":49}},{"start":{"line":50,"column":53},"end":{"line":50,"column":72}}]},"7":{"line":64,"type":"switch","locations":[{"start":{"line":69,"column":4},"end":{"line":70,"column":14}},{"start":{"line":75,"column":4},"end":{"line":76,"column":14}}]},"8":{"line":85,"type":"switch","locations":[{"start":{"line":90,"column":4},"end":{"line":105,"column":14}},{"start":{"line":111,"column":4},"end":{"line":193,"column":14},"skip":true}]},"9":{"line":91,"type":"binary-expr","locations":[{"start":{"line":91,"column":42},"end":{"line":91,"column":73}},{"start":{"line":91,"column":77},"end":{"line":99,"column":9}}]},"10":{"line":102,"type":"binary-expr","locations":[{"start":{"line":102,"column":18},"end":{"line":102,"column":32}},{"start":{"line":103,"column":12},"end":{"line":103,"column":53}},{"start":{"line":104,"column":12},"end":{"line":104,"column":61}}]},"11":{"line":112,"type":"binary-expr","locations":[{"start":{"line":112,"column":45},"end":{"line":112,"column":79},"skip":true},{"start":{"line":112,"column":83},"end":{"line":121,"column":9},"skip":true}]},"12":{"line":123,"type":"binary-expr","locations":[{"start":{"line":123,"column":42},"end":{"line":123,"column":73},"skip":true},{"start":{"line":123,"column":77},"end":{"line":136,"column":9},"skip":true}]},"13":{"line":138,"type":"binary-expr","locations":[{"start":{"line":138,"column":48},"end":{"line":138,"column":85},"skip":true},{"start":{"line":139,"column":12},"end":{"line":145,"column":13},"skip":true}]},"14":{"line":147,"type":"binary-expr","locations":[{"start":{"line":147,"column":42},"end":{"line":147,"column":73},"skip":true},{"start":{"line":147,"column":77},"end":{"line":156,"column":9},"skip":true}]},"15":{"line":158,"type":"binary-expr","locations":[{"start":{"line":158,"column":45},"end":{"line":158,"column":79},"skip":true},{"start":{"line":158,"column":83},"end":{"line":167,"column":9},"skip":true}]},"16":{"line":169,"type":"binary-expr","locations":[{"start":{"line":169,"column":43},"end":{"line":169,"column":75},"skip":true},{"start":{"line":169,"column":79},"end":{"line":178,"column":9},"skip":true}]},"17":{"line":180,"type":"binary-expr","locations":[{"start":{"line":180,"column":41},"end":{"line":180,"column":71},"skip":true},{"start":{"line":180,"column":75},"end":{"line":189,"column":9},"skip":true}]}},"code":["/* istanbul instrument in package npmtest_cson */","/*jslint","    bitwise: true,","    browser: true,","    maxerr: 8,","    maxlen: 96,","    node: true,","    nomen: true,","    regexp: true,","    stupid: true","*/","(function () {","    'use strict';","    var local;","","","","    // run shared js-env code - pre-init","    (function () {","        // init local","        local = {};","        // init modeJs","        local.modeJs = (function () {","            try {","                return typeof navigator.userAgent === 'string' &&","                    typeof document.querySelector('body') === 'object' &&","                    typeof XMLHttpRequest.prototype.open === 'function' &&","                    'browser';","            } catch (errorCaughtBrowser) {","                return module.exports &&","                    typeof process.versions.node === 'string' &&","                    typeof require('http').createServer === 'function' &&","                    'node';","            }","        }());","        // init global","        local.global = local.modeJs === 'browser'","            ? window","            : global;","        switch (local.modeJs) {","        // re-init local from window.local","        case 'browser':","            local = local.global.utility2.objectSetDefault(","                local.global.utility2_rollup || local.global.local,","                local.global.utility2","            );","            break;","        // re-init local from example.js","        case 'node':","            local = (local.global.utility2_rollup || require('utility2'))","                .requireExampleJsFromReadme();","            break;","        }","        // export local","        local.global.local = local;","    }());","","","","    // run shared js-env code - function","    (function () {","        return;","    }());","    switch (local.modeJs) {","","","","    // run browser js-env code - function","    case 'browser':","        break;","","","","    // run node js-env code - function","    case 'node':","        break;","    }","","","","    // run shared js-env code - post-init","    (function () {","        return;","    }());","    switch (local.modeJs) {","","","","    // run browser js-env code - post-init","    case 'browser':","        local.testCase_browser_nullCase = local.testCase_browser_nullCase || function (","            options,","            onError","        ) {","        /*","         * this function will test browsers's null-case handling-behavior-behavior","         */","            onError(null, options);","        };","","        // run tests","        local.nop(local.modeTest &&","            document.querySelector('#testRunButton1') &&","            document.querySelector('#testRunButton1').click());","        break;","","","","    // run node js-env code - post-init","    /* istanbul ignore next */","    case 'node':","        local.testCase_buildApidoc_default = local.testCase_buildApidoc_default || function (","            options,","            onError","        ) {","        /*","         * this function will test buildApidoc's default handling-behavior-behavior","         */","            options = { modulePathList: module.paths };","            local.buildApidoc(options, onError);","        };","","        local.testCase_buildApp_default = local.testCase_buildApp_default || function (","            options,","            onError","        ) {","        /*","         * this function will test buildApp's default handling-behavior-behavior","         */","            local.testCase_buildReadme_default(options, local.onErrorThrow);","            local.testCase_buildLib_default(options, local.onErrorThrow);","            local.testCase_buildTest_default(options, local.onErrorThrow);","            local.testCase_buildCustomOrg_default(options, local.onErrorThrow);","            options = [];","            local.buildApp(options, onError);","        };","","        local.testCase_buildCustomOrg_default = local.testCase_buildCustomOrg_default ||","            function (options, onError) {","            /*","             * this function will test buildCustomOrg's default handling-behavior","             */","                options = {};","                local.buildCustomOrg(options, onError);","            };","","        local.testCase_buildLib_default = local.testCase_buildLib_default || function (","            options,","            onError","        ) {","        /*","         * this function will test buildLib's default handling-behavior","         */","            options = {};","            local.buildLib(options, onError);","        };","","        local.testCase_buildReadme_default = local.testCase_buildReadme_default || function (","            options,","            onError","        ) {","        /*","         * this function will test buildReadme's default handling-behavior-behavior","         */","            options = {};","            local.buildReadme(options, onError);","        };","","        local.testCase_buildTest_default = local.testCase_buildTest_default || function (","            options,","            onError","        ) {","        /*","         * this function will test buildTest's default handling-behavior","         */","            options = {};","            local.buildTest(options, onError);","        };","","        local.testCase_webpage_default = local.testCase_webpage_default || function (","            options,","            onError","        ) {","        /*","         * this function will test webpage's default handling-behavior","         */","            options = { modeCoverageMerge: true, url: local.serverLocalHost + '?modeTest=1' };","            local.browserTest(options, onError);","        };","","        // run test-server","        local.testRunServer(local);","        break;","    }","}());",""],"l":{"12":2,"14":2,"19":2,"21":2,"23":2,"24":2,"25":2,"30":1,"37":2,"40":2,"43":1,"47":1,"50":1,"52":1,"55":2,"61":2,"62":2,"64":2,"70":1,"76":1,"82":2,"83":2,"85":2,"91":1,"98":1,"102":1,"105":1,"112":1,"119":1,"120":1,"123":1,"130":1,"131":1,"132":1,"133":1,"134":1,"135":1,"138":1,"143":2,"144":2,"147":1,"154":2,"155":2,"158":1,"165":2,"166":2,"169":1,"176":2,"177":2,"180":1,"187":1,"188":1,"192":1,"193":1}},"/home/travis/build/npmtest/node-npmtest-cson/lib.npmtest_cson.js":{"path":"/home/travis/build/npmtest/node-npmtest-cson/lib.npmtest_cson.js","s":{"1":2,"2":2,"3":2,"4":2,"5":2,"6":2,"7":2,"8":1,"9":2,"10":2,"11":2,"12":2,"13":1,"14":1,"15":1,"16":1},"b":{"1":[2,1,1,1],"2":[1,1,1,1],"3":[1,1],"4":[2,2],"5":[1,1]},"f":{"1":2,"2":2,"3":2},"fnMap":{"1":{"name":"(anonymous_1)","line":12,"loc":{"start":{"line":12,"column":1},"end":{"line":12,"column":13}}},"2":{"name":"(anonymous_2)","line":19,"loc":{"start":{"line":19,"column":5},"end":{"line":19,"column":17}}},"3":{"name":"(anonymous_3)","line":23,"loc":{"start":{"line":23,"column":24},"end":{"line":23,"column":36}}}},"statementMap":{"1":{"start":{"line":12,"column":0},"end":{"line":53,"column":5}},"2":{"start":{"line":14,"column":4},"end":{"line":14,"column":14}},"3":{"start":{"line":19,"column":4},"end":{"line":52,"column":9}},"4":{"start":{"line":21,"column":8},"end":{"line":21,"column":19}},"5":{"start":{"line":23,"column":8},"end":{"line":35,"column":13}},"6":{"start":{"line":24,"column":12},"end":{"line":34,"column":13}},"7":{"start":{"line":25,"column":16},"end":{"line":28,"column":30}},"8":{"start":{"line":30,"column":16},"end":{"line":33,"column":27}},"9":{"start":{"line":37,"column":8},"end":{"line":39,"column":21}},"10":{"start":{"line":41,"column":8},"end":{"line":41,"column":54}},"11":{"start":{"line":43,"column":8},"end":{"line":43,"column":49}},"12":{"start":{"line":45,"column":8},"end":{"line":51,"column":9}},"13":{"start":{"line":46,"column":12},"end":{"line":46,"column":55}},"14":{"start":{"line":48,"column":12},"end":{"line":48,"column":35}},"15":{"start":{"line":49,"column":12},"end":{"line":49,"column":49}},"16":{"start":{"line":50,"column":12},"end":{"line":50,"column":43}}},"branchMap":{"1":{"line":25,"type":"binary-expr","locations":[{"start":{"line":25,"column":23},"end":{"line":25,"column":62}},{"start":{"line":26,"column":20},"end":{"line":26,"column":70}},{"start":{"line":27,"column":20},"end":{"line":27,"column":71}},{"start":{"line":28,"column":20},"end":{"line":28,"column":29}}]},"2":{"line":30,"type":"binary-expr","locations":[{"start":{"line":30,"column":23},"end":{"line":30,"column":37}},{"start":{"line":31,"column":20},"end":{"line":31,"column":61}},{"start":{"line":32,"column":20},"end":{"line":32,"column":70}},{"start":{"line":33,"column":20},"end":{"line":33,"column":26}}]},"3":{"line":37,"type":"cond-expr","locations":[{"start":{"line":38,"column":14},"end":{"line":38,"column":20}},{"start":{"line":39,"column":14},"end":{"line":39,"column":20}}]},"4":{"line":41,"type":"binary-expr","locations":[{"start":{"line":41,"column":16},"end":{"line":41,"column":44}},{"start":{"line":41,"column":48},"end":{"line":41,"column":53}}]},"5":{"line":45,"type":"if","locations":[{"start":{"line":45,"column":8},"end":{"line":45,"column":8}},{"start":{"line":45,"column":8},"end":{"line":45,"column":8}}]}},"code":["/* istanbul instrument in package npmtest_cson */","/*jslint","    bitwise: true,","    browser: true,","    maxerr: 8,","    maxlen: 96,","    node: true,","    nomen: true,","    regexp: true,","    stupid: true","*/","(function () {","    'use strict';","    var local;","","","","    // run shared js-env code - pre-init","    (function () {","        // init local","        local = {};","        // init modeJs","        local.modeJs = (function () {","            try {","                return typeof navigator.userAgent === 'string' &&","                    typeof document.querySelector('body') === 'object' &&","                    typeof XMLHttpRequest.prototype.open === 'function' &&","                    'browser';","            } catch (errorCaughtBrowser) {","                return module.exports &&","                    typeof process.versions.node === 'string' &&","                    typeof require('http').createServer === 'function' &&","                    'node';","            }","        }());","        // init global","        local.global = local.modeJs === 'browser'","            ? window","            : global;","        // init utility2_rollup","        local = local.global.utility2_rollup || local;","        // init lib","        local.local = local.npmtest_cson = local;","        // init exports","        if (local.modeJs === 'browser') {","            local.global.utility2_npmtest_cson = local;","        } else {","            module.exports = local;","            module.exports.__dirname = __dirname;","            module.exports.module = module;","        }","    }());","}());",""],"l":{"12":2,"14":2,"19":2,"21":2,"23":2,"24":2,"25":2,"30":1,"37":2,"41":2,"43":2,"45":2,"46":1,"48":1,"49":1,"50":1}},"/home/travis/build/npmtest/node-npmtest-cson/example.js":{"path":"/home/travis/build/npmtest/node-npmtest-cson/example.js","s":{"1":2,"2":2,"3":2,"4":2,"5":2,"6":2,"7":2,"8":1,"9":2,"10":2,"11":2,"12":2,"13":1,"14":2,"15":2,"16":2,"17":2,"18":2,"19":0,"20":2,"21":1,"22":1,"23":1,"24":1,"25":1,"26":0,"27":0,"28":1,"29":1,"30":2,"31":0,"32":0,"33":0,"34":1,"35":2,"36":2,"37":3,"38":3,"39":3,"40":3,"41":0,"42":3,"43":3,"44":3,"45":1,"46":3,"47":1,"48":1,"49":1,"50":1,"51":1,"52":1,"53":1,"54":1,"55":1,"56":1,"57":0,"58":1,"59":6,"60":6,"61":1,"62":2,"63":0,"64":2,"65":1,"66":1,"67":0,"68":0,"69":0,"70":0,"71":0,"72":0,"73":0,"74":0,"75":0,"76":0,"77":0,"78":0,"79":0,"80":0,"81":0,"82":0,"83":0},"b":{"1":[2,1,1,1],"2":[1,1,1,1],"3":[1,1],"4":[2,2],"5":[1,1],"6":[1,1],"7":[2,0],"8":[2,1,1,1,1,1],"9":[0,2,0],"10":[1,1],"11":[2,1,1],"12":[1,0],"13":[0,2],"14":[2,0,0,0,0,0,0],"15":[0,3],"16":[3,0],"17":[1,1],"18":[0,1],"19":[1,2,0,2],"20":[1,0],"21":[1,1],"22":[0,0],"23":[0,0],"24":[0,0],"25":[0,0],"26":[0,0],"27":[0,0],"28":[0,0]},"f":{"1":2,"2":2,"3":2,"4":2,"5":2,"6":2,"7":3,"8":3,"9":3,"10":1,"11":6,"12":0},"fnMap":{"1":{"name":"(anonymous_1)","line":26,"loc":{"start":{"line":26,"column":1},"end":{"line":26,"column":13}}},"2":{"name":"(anonymous_2)","line":33,"loc":{"start":{"line":33,"column":5},"end":{"line":33,"column":17}}},"3":{"name":"(anonymous_3)","line":37,"loc":{"start":{"line":37,"column":24},"end":{"line":37,"column":36}}},"4":{"name":"(anonymous_4)","line":69,"loc":{"start":{"line":69,"column":31},"end":{"line":69,"column":48}},"skip":true},"5":{"name":"(anonymous_5)","line":78,"loc":{"start":{"line":78,"column":26},"end":{"line":78,"column":45}},"skip":true},"6":{"name":"(anonymous_6)","line":123,"loc":{"start":{"line":123,"column":33},"end":{"line":123,"column":48}},"skip":true},"7":{"name":"(anonymous_7)","line":125,"loc":{"start":{"line":125,"column":27},"end":{"line":125,"column":39}},"skip":true},"8":{"name":"(anonymous_8)","line":133,"loc":{"start":{"line":133,"column":59},"end":{"line":133,"column":74}},"skip":true},"9":{"name":"(anonymous_9)","line":143,"loc":{"start":{"line":143,"column":45},"end":{"line":143,"column":62}},"skip":true},"10":{"name":"(anonymous_10)","line":144,"loc":{"start":{"line":144,"column":73},"end":{"line":144,"column":92}},"skip":true},"11":{"name":"(anonymous_11)","line":272,"loc":{"start":{"line":272,"column":51},"end":{"line":272,"column":77}},"skip":true},"12":{"name":"(anonymous_12)","line":315,"loc":{"start":{"line":315,"column":32},"end":{"line":315,"column":61}},"skip":true}},"statementMap":{"1":{"start":{"line":26,"column":0},"end":{"line":326,"column":5}},"2":{"start":{"line":28,"column":4},"end":{"line":28,"column":14}},"3":{"start":{"line":33,"column":4},"end":{"line":60,"column":9}},"4":{"start":{"line":35,"column":8},"end":{"line":35,"column":19}},"5":{"start":{"line":37,"column":8},"end":{"line":49,"column":13}},"6":{"start":{"line":38,"column":12},"end":{"line":48,"column":13}},"7":{"start":{"line":39,"column":16},"end":{"line":42,"column":30}},"8":{"start":{"line":44,"column":16},"end":{"line":47,"column":27}},"9":{"start":{"line":51,"column":8},"end":{"line":53,"column":21}},"10":{"start":{"line":55,"column":8},"end":{"line":57,"column":45}},"11":{"start":{"line":59,"column":8},"end":{"line":59,"column":35}},"12":{"start":{"line":61,"column":4},"end":{"line":325,"column":5}},"13":{"start":{"line":69,"column":8},"end":{"line":121,"column":10},"skip":true},"14":{"start":{"line":70,"column":12},"end":{"line":88,"column":13},"skip":true},"15":{"start":{"line":76,"column":16},"end":{"line":87,"column":19},"skip":true},"16":{"start":{"line":79,"column":20},"end":{"line":86,"column":21},"skip":true},"17":{"start":{"line":82,"column":24},"end":{"line":82,"column":43},"skip":true},"18":{"start":{"line":83,"column":24},"end":{"line":83,"column":30},"skip":true},"19":{"start":{"line":85,"column":24},"end":{"line":85,"column":49},"skip":true},"20":{"start":{"line":89,"column":12},"end":{"line":107,"column":13},"skip":true},"21":{"start":{"line":92,"column":16},"end":{"line":102,"column":17},"skip":true},"22":{"start":{"line":93,"column":20},"end":{"line":93,"column":86},"skip":true},"23":{"start":{"line":94,"column":20},"end":{"line":95,"column":45},"skip":true},"24":{"start":{"line":96,"column":20},"end":{"line":96,"column":42},"skip":true},"25":{"start":{"line":97,"column":20},"end":{"line":97,"column":48},"skip":true},"26":{"start":{"line":100,"column":20},"end":{"line":100,"column":85},"skip":true},"27":{"start":{"line":101,"column":20},"end":{"line":101,"column":96},"skip":true},"28":{"start":{"line":103,"column":16},"end":{"line":103,"column":22},"skip":true},"29":{"start":{"line":106,"column":16},"end":{"line":106,"column":22},"skip":true},"30":{"start":{"line":108,"column":12},"end":{"line":120,"column":13},"skip":true},"31":{"start":{"line":114,"column":16},"end":{"line":119,"column":17},"skip":true},"32":{"start":{"line":116,"column":20},"end":{"line":116,"column":78},"skip":true},"33":{"start":{"line":118,"column":20},"end":{"line":118,"column":47},"skip":true},"34":{"start":{"line":123,"column":8},"end":{"line":141,"column":11},"skip":true},"35":{"start":{"line":124,"column":12},"end":{"line":124,"column":54},"skip":true},"36":{"start":{"line":125,"column":12},"end":{"line":140,"column":14},"skip":true},"37":{"start":{"line":126,"column":16},"end":{"line":126,"column":28},"skip":true},"38":{"start":{"line":127,"column":16},"end":{"line":127,"column":69},"skip":true},"39":{"start":{"line":128,"column":16},"end":{"line":128,"column":75},"skip":true},"40":{"start":{"line":129,"column":16},"end":{"line":131,"column":17},"skip":true},"41":{"start":{"line":130,"column":20},"end":{"line":130,"column":27},"skip":true},"42":{"start":{"line":133,"column":16},"end":{"line":137,"column":36},"skip":true},"43":{"start":{"line":134,"column":20},"end":{"line":136,"column":55},"skip":true},"44":{"start":{"line":139,"column":16},"end":{"line":139,"column":57},"skip":true},"45":{"start":{"line":143,"column":8},"end":{"line":147,"column":11},"skip":true},"46":{"start":{"line":144,"column":12},"end":{"line":146,"column":15},"skip":true},"47":{"start":{"line":145,"column":16},"end":{"line":145,"column":70},"skip":true},"48":{"start":{"line":149,"column":8},"end":{"line":149,"column":31},"skip":true},"49":{"start":{"line":150,"column":8},"end":{"line":150,"column":14},"skip":true},"50":{"start":{"line":158,"column":8},"end":{"line":158,"column":31},"skip":true},"51":{"start":{"line":160,"column":8},"end":{"line":160,"column":33},"skip":true},"52":{"start":{"line":161,"column":8},"end":{"line":161,"column":37},"skip":true},"53":{"start":{"line":162,"column":8},"end":{"line":162,"column":35},"skip":true},"54":{"start":{"line":164,"column":8},"end":{"line":164,"column":50},"skip":true},"55":{"start":{"line":166,"column":8},"end":{"line":256,"column":2},"skip":true},"56":{"start":{"line":258,"column":8},"end":{"line":286,"column":9},"skip":true},"57":{"start":{"line":259,"column":12},"end":{"line":269,"column":14},"skip":true},"58":{"start":{"line":271,"column":12},"end":{"line":285,"column":19},"skip":true},"59":{"start":{"line":274,"column":20},"end":{"line":274,"column":35},"skip":true},"60":{"start":{"line":275,"column":20},"end":{"line":284,"column":21},"skip":true},"61":{"start":{"line":277,"column":24},"end":{"line":277,"column":64},"skip":true},"62":{"start":{"line":279,"column":24},"end":{"line":279,"column":40},"skip":true},"63":{"start":{"line":281,"column":24},"end":{"line":281,"column":40},"skip":true},"64":{"start":{"line":283,"column":24},"end":{"line":283,"column":39},"skip":true},"65":{"start":{"line":288,"column":8},"end":{"line":290,"column":9},"skip":true},"66":{"start":{"line":289,"column":12},"end":{"line":289,"column":18},"skip":true},"67":{"start":{"line":291,"column":8},"end":{"line":293,"column":54},"skip":true},"68":{"start":{"line":296,"column":8},"end":{"line":301,"column":37},"skip":true},"69":{"start":{"line":303,"column":8},"end":{"line":303,"column":82},"skip":true},"70":{"start":{"line":306,"column":8},"end":{"line":308,"column":9},"skip":true},"71":{"start":{"line":307,"column":12},"end":{"line":307,"column":82},"skip":true},"72":{"start":{"line":310,"column":8},"end":{"line":312,"column":9},"skip":true},"73":{"start":{"line":311,"column":12},"end":{"line":311,"column":18},"skip":true},"74":{"start":{"line":313,"column":8},"end":{"line":313,"column":54},"skip":true},"75":{"start":{"line":314,"column":8},"end":{"line":314,"column":69},"skip":true},"76":{"start":{"line":315,"column":8},"end":{"line":323,"column":36},"skip":true},"77":{"start":{"line":316,"column":12},"end":{"line":316,"column":61},"skip":true},"78":{"start":{"line":317,"column":12},"end":{"line":320,"column":13},"skip":true},"79":{"start":{"line":318,"column":16},"end":{"line":318,"column":75},"skip":true},"80":{"start":{"line":319,"column":16},"end":{"line":319,"column":23},"skip":true},"81":{"start":{"line":321,"column":12},"end":{"line":321,"column":38},"skip":true},"82":{"start":{"line":322,"column":12},"end":{"line":322,"column":27},"skip":true},"83":{"start":{"line":324,"column":8},"end":{"line":324,"column":14},"skip":true}},"branchMap":{"1":{"line":39,"type":"binary-expr","locations":[{"start":{"line":39,"column":23},"end":{"line":39,"column":62}},{"start":{"line":40,"column":20},"end":{"line":40,"column":70}},{"start":{"line":41,"column":20},"end":{"line":41,"column":71}},{"start":{"line":42,"column":20},"end":{"line":42,"column":29}}]},"2":{"line":44,"type":"binary-expr","locations":[{"start":{"line":44,"column":23},"end":{"line":44,"column":37}},{"start":{"line":45,"column":20},"end":{"line":45,"column":61}},{"start":{"line":46,"column":20},"end":{"line":46,"column":70}},{"start":{"line":47,"column":20},"end":{"line":47,"column":26}}]},"3":{"line":51,"type":"cond-expr","locations":[{"start":{"line":52,"column":14},"end":{"line":52,"column":20}},{"start":{"line":53,"column":14},"end":{"line":53,"column":20}}]},"4":{"line":55,"type":"binary-expr","locations":[{"start":{"line":55,"column":16},"end":{"line":55,"column":44}},{"start":{"line":55,"column":49},"end":{"line":57,"column":43}}]},"5":{"line":55,"type":"cond-expr","locations":[{"start":{"line":56,"column":14},"end":{"line":56,"column":48}},{"start":{"line":57,"column":14},"end":{"line":57,"column":43}}]},"6":{"line":61,"type":"switch","locations":[{"start":{"line":68,"column":4},"end":{"line":150,"column":14},"skip":true},{"start":{"line":156,"column":4},"end":{"line":324,"column":14},"skip":true}]},"7":{"line":70,"type":"if","locations":[{"start":{"line":70,"column":12},"end":{"line":70,"column":12},"skip":true},{"start":{"line":70,"column":12},"end":{"line":70,"column":12},"skip":true}]},"8":{"line":70,"type":"binary-expr","locations":[{"start":{"line":70,"column":16},"end":{"line":70,"column":22},"skip":true},{"start":{"line":70,"column":27},"end":{"line":70,"column":32},"skip":true},{"start":{"line":71,"column":20},"end":{"line":71,"column":39},"skip":true},{"start":{"line":72,"column":20},"end":{"line":72,"column":49},"skip":true},{"start":{"line":73,"column":20},"end":{"line":73,"column":58},"skip":true},{"start":{"line":74,"column":20},"end":{"line":74,"column":69},"skip":true}]},"9":{"line":79,"type":"switch","locations":[{"start":{"line":80,"column":20},"end":{"line":80,"column":33},"skip":true},{"start":{"line":81,"column":20},"end":{"line":83,"column":30},"skip":true},{"start":{"line":84,"column":20},"end":{"line":85,"column":49},"skip":true}]},"10":{"line":89,"type":"switch","locations":[{"start":{"line":90,"column":12},"end":{"line":103,"column":22},"skip":true},{"start":{"line":105,"column":12},"end":{"line":106,"column":22},"skip":true}]},"11":{"line":89,"type":"binary-expr","locations":[{"start":{"line":89,"column":20},"end":{"line":89,"column":25},"skip":true},{"start":{"line":89,"column":29},"end":{"line":89,"column":48},"skip":true},{"start":{"line":89,"column":52},"end":{"line":89,"column":74},"skip":true}]},"12":{"line":92,"type":"if","locations":[{"start":{"line":92,"column":16},"end":{"line":92,"column":16},"skip":true},{"start":{"line":92,"column":16},"end":{"line":92,"column":16},"skip":true}]},"13":{"line":108,"type":"if","locations":[{"start":{"line":108,"column":12},"end":{"line":108,"column":12},"skip":true},{"start":{"line":108,"column":12},"end":{"line":108,"column":12},"skip":true}]},"14":{"line":108,"type":"binary-expr","locations":[{"start":{"line":108,"column":16},"end":{"line":108,"column":61},"skip":true},{"start":{"line":108,"column":66},"end":{"line":108,"column":72},"skip":true},{"start":{"line":108,"column":77},"end":{"line":108,"column":82},"skip":true},{"start":{"line":109,"column":20},"end":{"line":109,"column":39},"skip":true},{"start":{"line":110,"column":20},"end":{"line":110,"column":49},"skip":true},{"start":{"line":111,"column":20},"end":{"line":111,"column":58},"skip":true},{"start":{"line":112,"column":20},"end":{"line":112,"column":68},"skip":true}]},"15":{"line":129,"type":"if","locations":[{"start":{"line":129,"column":16},"end":{"line":129,"column":16},"skip":true},{"start":{"line":129,"column":16},"end":{"line":129,"column":16},"skip":true}]},"16":{"line":134,"type":"cond-expr","locations":[{"start":{"line":135,"column":26},"end":{"line":135,"column":29},"skip":true},{"start":{"line":136,"column":26},"end":{"line":136,"column":54},"skip":true}]},"17":{"line":164,"type":"binary-expr","locations":[{"start":{"line":164,"column":27},"end":{"line":164,"column":43},"skip":true},{"start":{"line":164,"column":47},"end":{"line":164,"column":49},"skip":true}]},"18":{"line":258,"type":"if","locations":[{"start":{"line":258,"column":8},"end":{"line":258,"column":8},"skip":true},{"start":{"line":258,"column":8},"end":{"line":258,"column":8},"skip":true}]},"19":{"line":275,"type":"switch","locations":[{"start":{"line":276,"column":20},"end":{"line":277,"column":64},"skip":true},{"start":{"line":278,"column":20},"end":{"line":279,"column":40},"skip":true},{"start":{"line":280,"column":20},"end":{"line":281,"column":40},"skip":true},{"start":{"line":282,"column":20},"end":{"line":283,"column":39},"skip":true}]},"20":{"line":288,"type":"if","locations":[{"start":{"line":288,"column":8},"end":{"line":288,"column":8},"skip":true},{"start":{"line":288,"column":8},"end":{"line":288,"column":8},"skip":true}]},"21":{"line":288,"type":"binary-expr","locations":[{"start":{"line":288,"column":12},"end":{"line":288,"column":40},"skip":true},{"start":{"line":288,"column":44},"end":{"line":288,"column":67},"skip":true}]},"22":{"line":292,"type":"binary-expr","locations":[{"start":{"line":292,"column":12},"end":{"line":292,"column":50},"skip":true},{"start":{"line":293,"column":12},"end":{"line":293,"column":53},"skip":true}]},"23":{"line":297,"type":"binary-expr","locations":[{"start":{"line":297,"column":12},"end":{"line":297,"column":62},"skip":true},{"start":{"line":298,"column":12},"end":{"line":301,"column":36},"skip":true}]},"24":{"line":303,"type":"binary-expr","locations":[{"start":{"line":303,"column":43},"end":{"line":303,"column":75},"skip":true},{"start":{"line":303,"column":79},"end":{"line":303,"column":81},"skip":true}]},"25":{"line":306,"type":"if","locations":[{"start":{"line":306,"column":8},"end":{"line":306,"column":8},"skip":true},{"start":{"line":306,"column":8},"end":{"line":306,"column":8},"skip":true}]},"26":{"line":310,"type":"if","locations":[{"start":{"line":310,"column":8},"end":{"line":310,"column":8},"skip":true},{"start":{"line":310,"column":8},"end":{"line":310,"column":8},"skip":true}]},"27":{"line":313,"type":"binary-expr","locations":[{"start":{"line":313,"column":27},"end":{"line":313,"column":43},"skip":true},{"start":{"line":313,"column":47},"end":{"line":313,"column":53},"skip":true}]},"28":{"line":317,"type":"if","locations":[{"start":{"line":317,"column":12},"end":{"line":317,"column":12},"skip":true},{"start":{"line":317,"column":12},"end":{"line":317,"column":12},"skip":true}]}},"code":["/*","example.js","","quickstart example","","instruction","    1. save this script as example.js","    2. run the shell command:","        $ npm install npmtest-cson && PORT=8081 node example.js","    3. play with the browser-demo on http://127.0.0.1:8081","*/","","","","/* istanbul instrument in package npmtest_cson */","/*jslint","    bitwise: true,","    browser: true,","    maxerr: 8,","    maxlen: 96,","    node: true,","    nomen: true,","    regexp: true,","    stupid: true","*/","(function () {","    'use strict';","    var local;","","","","    // run shared js-env code - pre-init","    (function () {","        // init local","        local = {};","        // init modeJs","        local.modeJs = (function () {","            try {","                return typeof navigator.userAgent === 'string' &&","                    typeof document.querySelector('body') === 'object' &&","                    typeof XMLHttpRequest.prototype.open === 'function' &&","                    'browser';","            } catch (errorCaughtBrowser) {","                return module.exports &&","                    typeof process.versions.node === 'string' &&","                    typeof require('http').createServer === 'function' &&","                    'node';","            }","        }());","        // init global","        local.global = local.modeJs === 'browser'","            ? window","            : global;","        // init utility2_rollup","        local = local.global.utility2_rollup || (local.modeJs === 'browser'","            ? local.global.utility2_npmtest_cson","            : global.utility2_moduleExports);","        // export local","        local.global.local = local;","    }());","    switch (local.modeJs) {","","","","    // post-init","    // run browser js-env code - post-init","    /* istanbul ignore next */","    case 'browser':","        local.testRunBrowser = function (event) {","            if (!event || (event &&","                    event.currentTarget &&","                    event.currentTarget.className &&","                    event.currentTarget.className.includes &&","                    event.currentTarget.className.includes('onreset'))) {","                // reset output","                Array.from(","                    document.querySelectorAll('body > .resettable')","                ).forEach(function (element) {","                    switch (element.tagName) {","                    case 'INPUT':","                    case 'TEXTAREA':","                        element.value = '';","                        break;","                    default:","                        element.textContent = '';","                    }","                });","            }","            switch (event && event.currentTarget && event.currentTarget.id) {","            case 'testRunButton1':","                // show tests","                if (document.querySelector('#testReportDiv1').style.display === 'none') {","                    document.querySelector('#testReportDiv1').style.display = 'block';","                    document.querySelector('#testRunButton1').textContent =","                        'hide internal test';","                    local.modeTest = true;","                    local.testRunDefault(local);","                // hide tests","                } else {","                    document.querySelector('#testReportDiv1').style.display = 'none';","                    document.querySelector('#testRunButton1').textContent = 'run internal test';","                }","                break;","            // custom-case","            default:","                break;","            }","            if (document.querySelector('#inputTextareaEval1') && (!event || (event &&","                    event.currentTarget &&","                    event.currentTarget.className &&","                    event.currentTarget.className.includes &&","                    event.currentTarget.className.includes('oneval')))) {","                // try to eval input-code","                try {","                    /*jslint evil: true*/","                    eval(document.querySelector('#inputTextareaEval1').value);","                } catch (errorCaught) {","                    console.error(errorCaught);","                }","            }","        };","        // log stderr and stdout to #outputTextareaStdout1","        ['error', 'log'].forEach(function (key) {","            console[key + '_original'] = console[key];","            console[key] = function () {","                var element;","                console[key + '_original'].apply(console, arguments);","                element = document.querySelector('#outputTextareaStdout1');","                if (!element) {","                    return;","                }","                // append text to #outputTextareaStdout1","                element.value += Array.from(arguments).map(function (arg) {","                    return typeof arg === 'string'","                        ? arg","                        : JSON.stringify(arg, null, 4);","                }).join(' ') + '\\n';","                // scroll textarea to bottom","                element.scrollTop = element.scrollHeight;","            };","        });","        // init event-handling","        ['change', 'click', 'keyup'].forEach(function (event) {","            Array.from(document.querySelectorAll('.on' + event)).forEach(function (element) {","                element.addEventListener(event, local.testRunBrowser);","            });","        });","        // run tests","        local.testRunBrowser();","        break;","","","","    // run node js-env code - post-init","    /* istanbul ignore next */","    case 'node':","        // export local","        module.exports = local;","        // require modules","        local.fs = require('fs');","        local.http = require('http');","        local.url = require('url');","        // init assets","        local.assetsDict = local.assetsDict || {};","        /* jslint-ignore-begin */","        local.assetsDict['/assets.index.template.html'] = '\\","<!doctype html>\\n\\","<html lang=\"en\">\\n\\","<head>\\n\\","<meta charset=\"UTF-8\">\\n\\","<meta name=\"viewport\" content=\"width=device-width, initial-scale=1\">\\n\\","<title>{{env.npm_package_name}} (v{{env.npm_package_version}})</title>\\n\\","<style>\\n\\","/*csslint\\n\\","    box-sizing: false,\\n\\","    universal-selector: false\\n\\","*/\\n\\","* {\\n\\","    box-sizing: border-box;\\n\\","}\\n\\","body {\\n\\","    background: #dde;\\n\\","    font-family: Arial, Helvetica, sans-serif;\\n\\","    margin: 2rem;\\n\\","}\\n\\","body > * {\\n\\","    margin-bottom: 1rem;\\n\\","}\\n\\",".utility2FooterDiv {\\n\\","    margin-top: 20px;\\n\\","    text-align: center;\\n\\","}\\n\\","</style>\\n\\","<style>\\n\\","/*csslint\\n\\","*/\\n\\","textarea {\\n\\","    font-family: monospace;\\n\\","    height: 10rem;\\n\\","    width: 100%;\\n\\","}\\n\\","textarea[readonly] {\\n\\","    background: #ddd;\\n\\","}\\n\\","</style>\\n\\","</head>\\n\\","<body>\\n\\","<!-- utility2-comment\\n\\","<div id=\"ajaxProgressDiv1\" style=\"background: #d00; height: 2px; left: 0; margin: 0; padding: 0; position: fixed; top: 0; transition: background 0.5s, width 1.5s; width: 25%;\"></div>\\n\\","utility2-comment -->\\n\\","<h1>\\n\\","<!-- utility2-comment\\n\\","    <a\\n\\","        {{#if env.npm_package_homepage}}\\n\\","        href=\"{{env.npm_package_homepage}}\"\\n\\","        {{/if env.npm_package_homepage}}\\n\\","        target=\"_blank\"\\n\\","    >\\n\\","utility2-comment -->\\n\\","        {{env.npm_package_name}} (v{{env.npm_package_version}})\\n\\","<!-- utility2-comment\\n\\","    </a>\\n\\","utility2-comment -->\\n\\","</h1>\\n\\","<h3>{{env.npm_package_description}}</h3>\\n\\","<!-- utility2-comment\\n\\","<h4><a download href=\"assets.app.js\">download standalone app</a></h4>\\n\\","<button class=\"onclick onreset\" id=\"testRunButton1\">run internal test</button><br>\\n\\","<div id=\"testReportDiv1\" style=\"display: none;\"></div>\\n\\","utility2-comment -->\\n\\","\\n\\","\\n\\","\\n\\","<label>stderr and stdout</label>\\n\\","<textarea class=\"resettable\" id=\"outputTextareaStdout1\" readonly></textarea>\\n\\","<!-- utility2-comment\\n\\","{{#if isRollup}}\\n\\","<script src=\"assets.app.js\"></script>\\n\\","{{#unless isRollup}}\\n\\","utility2-comment -->\\n\\","<script src=\"assets.utility2.rollup.js\"></script>\\n\\","<script src=\"jsonp.utility2._stateInit?callback=window.utility2._stateInit\"></script>\\n\\","<script src=\"assets.npmtest_cson.rollup.js\"></script>\\n\\","<script src=\"assets.example.js\"></script>\\n\\","<script src=\"assets.test.js\"></script>\\n\\","<!-- utility2-comment\\n\\","{{/if isRollup}}\\n\\","utility2-comment -->\\n\\","<div class=\"utility2FooterDiv\">\\n\\","    [ this app was created with\\n\\","    <a href=\"https://github.com/kaizhu256/node-utility2\" target=\"_blank\">utility2</a>\\n\\","    ]\\n\\","</div>\\n\\","</body>\\n\\","</html>\\n\\","';","        /* jslint-ignore-end */","        if (local.templateRender) {","            local.assetsDict['/'] = local.templateRender(","                local.assetsDict['/assets.index.template.html'],","                {","                    env: local.objectSetDefault(local.env, {","                        npm_package_description: 'the greatest app in the world!',","                        npm_package_name: 'my-app',","                        npm_package_nameAlias: 'my_app',","                        npm_package_version: '0.0.1'","                    })","                }","            );","        } else {","            local.assetsDict['/'] = local.assetsDict['/assets.index.template.html']","                .replace((/\\{\\{env\\.(\\w+?)\\}\\}/g), function (match0, match1) {","                    // jslint-hack","                    String(match0);","                    switch (match1) {","                    case 'npm_package_description':","                        return 'the greatest app in the world!';","                    case 'npm_package_name':","                        return 'my-app';","                    case 'npm_package_nameAlias':","                        return 'my_app';","                    case 'npm_package_version':","                        return '0.0.1';","                    }","                });","        }","        // run the cli","        if (local.global.utility2_rollup || module !== require.main) {","            break;","        }","        local.assetsDict['/assets.example.js'] =","            local.assetsDict['/assets.example.js'] ||","            local.fs.readFileSync(__filename, 'utf8');","        // bug-workaround - long $npm_package_buildCustomOrg","        /* jslint-ignore-begin */","        local.assetsDict['/assets.npmtest_cson.rollup.js'] =","            local.assetsDict['/assets.npmtest_cson.rollup.js'] ||","            local.fs.readFileSync(","                local.npmtest_cson.__dirname + '/lib.npmtest_cson.js',","                'utf8'","            ).replace((/^#!/), '//');","        /* jslint-ignore-end */","        local.assetsDict['/favicon.ico'] = local.assetsDict['/favicon.ico'] || '';","        // if $npm_config_timeout_exit exists,","        // then exit this process after $npm_config_timeout_exit ms","        if (Number(process.env.npm_config_timeout_exit)) {","            setTimeout(process.exit, Number(process.env.npm_config_timeout_exit));","        }","        // start server","        if (local.global.utility2_serverHttp1) {","            break;","        }","        process.env.PORT = process.env.PORT || '8081';","        console.error('server starting on port ' + process.env.PORT);","        local.http.createServer(function (request, response) {","            request.urlParsed = local.url.parse(request.url);","            if (local.assetsDict[request.urlParsed.pathname] !== undefined) {","                response.end(local.assetsDict[request.urlParsed.pathname]);","                return;","            }","            response.statusCode = 404;","            response.end();","        }).listen(process.env.PORT);","        break;","    }","}());",""],"l":{"26":2,"28":2,"33":2,"35":2,"37":2,"38":2,"39":2,"44":1,"51":2,"55":2,"59":2,"61":2,"69":1,"70":2,"76":2,"79":2,"82":2,"83":2,"85":1,"89":2,"92":1,"93":1,"94":1,"96":1,"97":1,"100":1,"101":1,"103":1,"106":1,"108":2,"114":1,"116":1,"118":1,"123":1,"124":2,"125":2,"126":3,"127":3,"128":3,"129":3,"130":1,"133":3,"134":3,"139":3,"143":1,"144":3,"145":1,"149":1,"150":1,"158":1,"160":1,"161":1,"162":1,"164":1,"166":1,"258":1,"259":1,"271":1,"274":6,"275":6,"277":1,"279":2,"281":1,"283":2,"288":1,"289":1,"291":1,"296":1,"303":1,"306":1,"307":1,"310":1,"311":1,"313":1,"314":1,"315":1,"316":1,"317":1,"318":1,"319":1,"321":1,"322":1,"324":1}},"/home/travis/build/npmtest/node-npmtest-cson/node_modules/cson/es5/index.js":{"path":"/home/travis/build/npmtest/node-npmtest-cson/node_modules/cson/es5/index.js","s":{"1":1,"2":1,"3":1,"4":1,"5":1,"6":1,"7":1,"8":1,"9":0,"10":0,"11":0,"12":1,"13":0,"14":0,"15":0,"16":0,"17":0,"18":0,"19":1,"20":0,"21":0,"22":0,"23":0,"24":0,"25":0,"26":0,"27":0,"28":0,"29":0,"30":0,"31":0,"32":0,"33":0,"34":0,"35":0,"36":0,"37":0,"38":0,"39":1,"40":0,"41":0,"42":0,"43":0,"44":0,"45":0,"46":1,"47":0,"48":0,"49":0,"50":0,"51":0,"52":0,"53":0,"54":0,"55":0,"56":0,"57":0,"58":0,"59":0,"60":0,"61":0,"62":0,"63":0,"64":0,"65":0,"66":0,"67":0,"68":0,"69":0,"70":0,"71":0,"72":0,"73":0,"74":1,"75":0,"76":0,"77":0,"78":0,"79":0,"80":1,"81":0,"82":1,"83":0,"84":1,"85":0,"86":1,"87":0,"88":1,"89":0,"90":1,"91":0,"92":1,"93":0,"94":0,"95":0,"96":0,"97":0,"98":0,"99":0,"100":0,"101":0,"102":0,"103":0,"104":0,"105":1,"106":0,"107":0,"108":0,"109":0,"110":0,"111":0,"112":0,"113":0,"114":0,"115":0,"116":0,"117":0,"118":1,"119":0,"120":0,"121":0,"122":0,"123":1,"124":0,"125":0,"126":0,"127":0,"128":1,"129":0,"130":0,"131":0,"132":0,"133":0,"134":0,"135":0,"136":1,"137":0,"138":0,"139":0,"140":0,"141":0,"142":0,"143":0,"144":1,"145":0,"146":0,"147":0,"148":0,"149":0,"150":0,"151":0,"152":0,"153":0,"154":0,"155":1,"156":0,"157":0,"158":0,"159":0,"160":0,"161":0,"162":0,"163":0,"164":1,"165":0,"166":0,"167":0,"168":0,"169":0,"170":0,"171":0,"172":1,"173":0,"174":0,"175":0,"176":0,"177":0,"178":0,"179":0,"180":1,"181":0,"182":0,"183":0,"184":0,"185":0,"186":0,"187":0,"188":1,"189":0,"190":0,"191":0,"192":0,"193":0,"194":0,"195":0,"196":1,"197":0,"198":0,"199":0,"200":0,"201":1,"202":0,"203":0,"204":0,"205":0,"206":1,"207":0,"208":0,"209":0,"210":0,"211":0,"212":0,"213":0,"214":1,"215":0,"216":0,"217":0,"218":0,"219":0,"220":0,"221":0,"222":0,"223":1,"224":1},"b":{"1":[0,0],"2":[0,0],"3":[0,0],"4":[0,0],"5":[0,0],"6":[0,0],"7":[0,0],"8":[0,0],"9":[0,0],"10":[0,0],"11":[0,0],"12":[0,0],"13":[0,0,0,0,0],"14":[0,0],"15":[0,0],"16":[0,0],"17":[0,0],"18":[0,0],"19":[0,0],"20":[0,0],"21":[0,0],"22":[0,0],"23":[0,0],"24":[0,0],"25":[0,0],"26":[0,0],"27":[0,0],"28":[0,0],"29":[0,0],"30":[0,0],"31":[0,0],"32":[0,0],"33":[0,0],"34":[0,0]},"f":{"1":1,"2":1,"3":0,"4":0,"5":0,"6":0,"7":0,"8":0,"9":0,"10":0,"11":0,"12":0,"13":0,"14":0,"15":0,"16":0,"17":0,"18":0,"19":0,"20":0,"21":0,"22":0,"23":0,"24":0,"25":0,"26":0,"27":0,"28":0,"29":0,"30":0},"fnMap":{"1":{"name":"(anonymous_1)","line":12,"loc":{"start":{"line":12,"column":8},"end":{"line":12,"column":19}}},"2":{"name":"CSON","line":13,"loc":{"start":{"line":13,"column":2},"end":{"line":13,"column":18}}},"3":{"name":"(anonymous_3)","line":15,"loc":{"start":{"line":15,"column":35},"end":{"line":15,"column":49}}},"4":{"name":"(anonymous_4)","line":23,"loc":{"start":{"line":23,"column":28},"end":{"line":23,"column":51}}},"5":{"name":"(anonymous_5)","line":36,"loc":{"start":{"line":36,"column":30},"end":{"line":36,"column":45}}},"6":{"name":"(anonymous_6)","line":67,"loc":{"start":{"line":67,"column":29},"end":{"line":67,"column":44}}},"7":{"name":"(anonymous_7)","line":82,"loc":{"start":{"line":82,"column":26},"end":{"line":82,"column":41}}},"8":{"name":"(anonymous_8)","line":127,"loc":{"start":{"line":127,"column":29},"end":{"line":127,"column":62}}},"9":{"name":"(anonymous_9)","line":135,"loc":{"start":{"line":135,"column":25},"end":{"line":135,"column":52}}},"10":{"name":"(anonymous_10)","line":139,"loc":{"start":{"line":139,"column":24},"end":{"line":139,"column":51}}},"11":{"name":"(anonymous_11)","line":143,"loc":{"start":{"line":143,"column":32},"end":{"line":143,"column":59}}},"12":{"name":"(anonymous_12)","line":154,"loc":{"start":{"line":154,"column":31},"end":{"line":154,"column":58}}},"13":{"name":"(anonymous_13)","line":165,"loc":{"start":{"line":165,"column":29},"end":{"line":165,"column":56}}},"14":{"name":"(anonymous_14)","line":176,"loc":{"start":{"line":176,"column":31},"end":{"line":176,"column":58}}},"15":{"name":"(anonymous_15)","line":187,"loc":{"start":{"line":187,"column":36},"end":{"line":187,"column":63}}},"16":{"name":"(anonymous_16)","line":206,"loc":{"start":{"line":206,"column":36},"end":{"line":206,"column":63}}},"17":{"name":"(anonymous_17)","line":225,"loc":{"start":{"line":225,"column":34},"end":{"line":225,"column":61}}},"18":{"name":"(anonymous_18)","line":253,"loc":{"start":{"line":253,"column":34},"end":{"line":253,"column":61}}},"19":{"name":"(anonymous_19)","line":260,"loc":{"start":{"line":260,"column":35},"end":{"line":260,"column":62}}},"20":{"name":"(anonymous_20)","line":272,"loc":{"start":{"line":272,"column":35},"end":{"line":272,"column":62}}},"21":{"name":"(anonymous_21)","line":284,"loc":{"start":{"line":284,"column":33},"end":{"line":284,"column":60}}},"22":{"name":"(anonymous_22)","line":300,"loc":{"start":{"line":300,"column":33},"end":{"line":300,"column":60}}},"23":{"name":"(anonymous_23)","line":313,"loc":{"start":{"line":313,"column":33},"end":{"line":313,"column":60}}},"24":{"name":"(anonymous_24)","line":325,"loc":{"start":{"line":325,"column":33},"end":{"line":325,"column":60}}},"25":{"name":"(anonymous_25)","line":337,"loc":{"start":{"line":337,"column":31},"end":{"line":337,"column":58}}},"26":{"name":"(anonymous_26)","line":349,"loc":{"start":{"line":349,"column":31},"end":{"line":349,"column":58}}},"27":{"name":"(anonymous_27)","line":361,"loc":{"start":{"line":361,"column":35},"end":{"line":361,"column":62}}},"28":{"name":"(anonymous_28)","line":368,"loc":{"start":{"line":368,"column":35},"end":{"line":368,"column":62}}},"29":{"name":"(anonymous_29)","line":375,"loc":{"start":{"line":375,"column":33},"end":{"line":375,"column":60}}},"30":{"name":"(anonymous_30)","line":387,"loc":{"start":{"line":387,"column":33},"end":{"line":387,"column":60}}}},"statementMap":{"1":{"start":{"line":2,"column":0},"end":{"line":2,"column":65}},"2":{"start":{"line":4,"column":0},"end":{"line":4,"column":27}},"3":{"start":{"line":6,"column":0},"end":{"line":6,"column":27}},"4":{"start":{"line":8,"column":0},"end":{"line":8,"column":49}},"5":{"start":{"line":10,"column":0},"end":{"line":10,"column":39}},"6":{"start":{"line":12,"column":0},"end":{"line":402,"column":5}},"7":{"start":{"line":13,"column":2},"end":{"line":13,"column":20}},"8":{"start":{"line":15,"column":2},"end":{"line":21,"column":4}},"9":{"start":{"line":16,"column":4},"end":{"line":20,"column":5}},"10":{"start":{"line":17,"column":6},"end":{"line":17,"column":17}},"11":{"start":{"line":19,"column":6},"end":{"line":19,"column":39}},"12":{"start":{"line":23,"column":2},"end":{"line":34,"column":4}},"13":{"start":{"line":24,"column":4},"end":{"line":33,"column":5}},"14":{"start":{"line":25,"column":6},"end":{"line":29,"column":7}},"15":{"start":{"line":26,"column":8},"end":{"line":26,"column":21}},"16":{"start":{"line":28,"column":8},"end":{"line":28,"column":27}},"17":{"start":{"line":30,"column":6},"end":{"line":30,"column":18}},"18":{"start":{"line":32,"column":6},"end":{"line":32,"column":20}},"19":{"start":{"line":36,"column":2},"end":{"line":65,"column":4}},"20":{"start":{"line":37,"column":4},"end":{"line":39,"column":5}},"21":{"start":{"line":38,"column":6},"end":{"line":38,"column":16}},"22":{"start":{"line":40,"column":4},"end":{"line":42,"column":5}},"23":{"start":{"line":41,"column":6},"end":{"line":41,"column":25}},"24":{"start":{"line":43,"column":4},"end":{"line":45,"column":5}},"25":{"start":{"line":44,"column":6},"end":{"line":44,"column":27}},"26":{"start":{"line":46,"column":4},"end":{"line":51,"column":5}},"27":{"start":{"line":47,"column":6},"end":{"line":47,"column":54}},"28":{"start":{"line":48,"column":6},"end":{"line":50,"column":7}},"29":{"start":{"line":49,"column":8},"end":{"line":49,"column":52}},"30":{"start":{"line":52,"column":4},"end":{"line":54,"column":5}},"31":{"start":{"line":53,"column":6},"end":{"line":53,"column":23}},"32":{"start":{"line":55,"column":4},"end":{"line":57,"column":5}},"33":{"start":{"line":56,"column":6},"end":{"line":56,"column":23}},"34":{"start":{"line":58,"column":4},"end":{"line":60,"column":5}},"35":{"start":{"line":59,"column":6},"end":{"line":59,"column":30}},"36":{"start":{"line":61,"column":4},"end":{"line":63,"column":5}},"37":{"start":{"line":62,"column":6},"end":{"line":62,"column":32}},"38":{"start":{"line":64,"column":4},"end":{"line":64,"column":16}},"39":{"start":{"line":67,"column":2},"end":{"line":80,"column":4}},"40":{"start":{"line":68,"column":4},"end":{"line":79,"column":5}},"41":{"start":{"line":70,"column":8},"end":{"line":70,"column":22}},"42":{"start":{"line":72,"column":8},"end":{"line":72,"column":22}},"43":{"start":{"line":74,"column":8},"end":{"line":74,"column":30}},"44":{"start":{"line":76,"column":8},"end":{"line":76,"column":28}},"45":{"start":{"line":78,"column":8},"end":{"line":78,"column":20}},"46":{"start":{"line":82,"column":2},"end":{"line":125,"column":4}},"47":{"start":{"line":83,"column":4},"end":{"line":83,"column":68}},"48":{"start":{"line":84,"column":4},"end":{"line":84,"column":123}},"49":{"start":{"line":85,"column":4},"end":{"line":87,"column":5}},"50":{"start":{"line":86,"column":6},"end":{"line":86,"column":18}},"51":{"start":{"line":88,"column":4},"end":{"line":88,"column":75}},"52":{"start":{"line":89,"column":4},"end":{"line":95,"column":5}},"53":{"start":{"line":92,"column":8},"end":{"line":94,"column":9}},"54":{"start":{"line":93,"column":10},"end":{"line":93,"column":31}},"55":{"start":{"line":96,"column":4},"end":{"line":96,"column":33}},"56":{"start":{"line":97,"column":4},"end":{"line":123,"column":5}},"57":{"start":{"line":98,"column":6},"end":{"line":102,"column":7}},"58":{"start":{"line":99,"column":8},"end":{"line":99,"column":60}},"59":{"start":{"line":101,"column":8},"end":{"line":101,"column":112}},"60":{"start":{"line":103,"column":11},"end":{"line":123,"column":5}},"61":{"start":{"line":104,"column":6},"end":{"line":108,"column":7}},"62":{"start":{"line":105,"column":8},"end":{"line":105,"column":60}},"63":{"start":{"line":107,"column":8},"end":{"line":107,"column":112}},"64":{"start":{"line":109,"column":11},"end":{"line":123,"column":5}},"65":{"start":{"line":110,"column":6},"end":{"line":114,"column":7}},"66":{"start":{"line":111,"column":8},"end":{"line":111,"column":58}},"67":{"start":{"line":113,"column":8},"end":{"line":113,"column":124}},"68":{"start":{"line":115,"column":11},"end":{"line":123,"column":5}},"69":{"start":{"line":116,"column":6},"end":{"line":120,"column":7}},"70":{"start":{"line":117,"column":8},"end":{"line":117,"column":58}},"71":{"start":{"line":119,"column":8},"end":{"line":119,"column":128}},"72":{"start":{"line":122,"column":6},"end":{"line":122,"column":81}},"73":{"start":{"line":124,"column":4},"end":{"line":124,"column":39}},"74":{"start":{"line":127,"column":2},"end":{"line":133,"column":4}},"75":{"start":{"line":128,"column":4},"end":{"line":128,"column":13}},"76":{"start":{"line":129,"column":4},"end":{"line":129,"column":14}},"77":{"start":{"line":130,"column":4},"end":{"line":130,"column":29}},"78":{"start":{"line":131,"column":4},"end":{"line":131,"column":25}},"79":{"start":{"line":132,"column":4},"end":{"line":132,"column":45}},"80":{"start":{"line":135,"column":2},"end":{"line":137,"column":4}},"81":{"start":{"line":136,"column":4},"end":{"line":136,"column":50}},"82":{"start":{"line":139,"column":2},"end":{"line":141,"column":4}},"83":{"start":{"line":140,"column":4},"end":{"line":140,"column":48}},"84":{"start":{"line":143,"column":2},"end":{"line":152,"column":4}},"85":{"start":{"line":144,"column":4},"end":{"line":151,"column":7}},"86":{"start":{"line":154,"column":2},"end":{"line":163,"column":4}},"87":{"start":{"line":155,"column":4},"end":{"line":162,"column":7}},"88":{"start":{"line":165,"column":2},"end":{"line":174,"column":4}},"89":{"start":{"line":166,"column":4},"end":{"line":173,"column":7}},"90":{"start":{"line":176,"column":2},"end":{"line":185,"column":4}},"91":{"start":{"line":177,"column":4},"end":{"line":184,"column":7}},"92":{"start":{"line":187,"column":2},"end":{"line":204,"column":4}},"93":{"start":{"line":188,"column":4},"end":{"line":188,"column":25}},"94":{"start":{"line":189,"column":4},"end":{"line":189,"column":75}},"95":{"start":{"line":190,"column":4},"end":{"line":190,"column":33}},"96":{"start":{"line":191,"column":4},"end":{"line":193,"column":5}},"97":{"start":{"line":192,"column":6},"end":{"line":192,"column":27}},"98":{"start":{"line":194,"column":4},"end":{"line":196,"column":5}},"99":{"start":{"line":195,"column":6},"end":{"line":195,"column":25}},"100":{"start":{"line":197,"column":4},"end":{"line":202,"column":5}},"101":{"start":{"line":198,"column":6},"end":{"line":198,"column":64}},"102":{"start":{"line":200,"column":6},"end":{"line":200,"column":18}},"103":{"start":{"line":201,"column":6},"end":{"line":201,"column":41}},"104":{"start":{"line":203,"column":4},"end":{"line":203,"column":39}},"105":{"start":{"line":206,"column":2},"end":{"line":223,"column":4}},"106":{"start":{"line":207,"column":4},"end":{"line":207,"column":25}},"107":{"start":{"line":208,"column":4},"end":{"line":208,"column":75}},"108":{"start":{"line":209,"column":4},"end":{"line":209,"column":33}},"109":{"start":{"line":210,"column":4},"end":{"line":212,"column":5}},"110":{"start":{"line":211,"column":6},"end":{"line":211,"column":27}},"111":{"start":{"line":213,"column":4},"end":{"line":215,"column":5}},"112":{"start":{"line":214,"column":6},"end":{"line":214,"column":25}},"113":{"start":{"line":216,"column":4},"end":{"line":221,"column":5}},"114":{"start":{"line":217,"column":6},"end":{"line":217,"column":82}},"115":{"start":{"line":219,"column":6},"end":{"line":219,"column":18}},"116":{"start":{"line":220,"column":6},"end":{"line":220,"column":41}},"117":{"start":{"line":222,"column":4},"end":{"line":222,"column":39}},"118":{"start":{"line":225,"column":2},"end":{"line":251,"column":4}},"119":{"start":{"line":226,"column":4},"end":{"line":226,"column":20}},"120":{"start":{"line":227,"column":4},"end":{"line":227,"column":75}},"121":{"start":{"line":228,"column":4},"end":{"line":228,"column":89}},"122":{"start":{"line":229,"column":4},"end":{"line":229,"column":39}},"123":{"start":{"line":253,"column":2},"end":{"line":258,"column":4}},"124":{"start":{"line":254,"column":4},"end":{"line":254,"column":20}},"125":{"start":{"line":255,"column":4},"end":{"line":255,"column":75}},"126":{"start":{"line":256,"column":4},"end":{"line":256,"column":87}},"127":{"start":{"line":257,"column":4},"end":{"line":257,"column":39}},"128":{"start":{"line":260,"column":2},"end":{"line":270,"column":4}},"129":{"start":{"line":261,"column":4},"end":{"line":261,"column":25}},"130":{"start":{"line":262,"column":4},"end":{"line":262,"column":75}},"131":{"start":{"line":263,"column":4},"end":{"line":268,"column":5}},"132":{"start":{"line":264,"column":6},"end":{"line":264,"column":32}},"133":{"start":{"line":266,"column":6},"end":{"line":266,"column":18}},"134":{"start":{"line":267,"column":6},"end":{"line":267,"column":41}},"135":{"start":{"line":269,"column":4},"end":{"line":269,"column":39}},"136":{"start":{"line":272,"column":2},"end":{"line":282,"column":4}},"137":{"start":{"line":273,"column":4},"end":{"line":273,"column":25}},"138":{"start":{"line":274,"column":4},"end":{"line":274,"column":75}},"139":{"start":{"line":275,"column":4},"end":{"line":280,"column":5}},"140":{"start":{"line":276,"column":6},"end":{"line":276,"column":50}},"141":{"start":{"line":278,"column":6},"end":{"line":278,"column":18}},"142":{"start":{"line":279,"column":6},"end":{"line":279,"column":41}},"143":{"start":{"line":281,"column":4},"end":{"line":281,"column":39}},"144":{"start":{"line":284,"column":2},"end":{"line":298,"column":4}},"145":{"start":{"line":285,"column":4},"end":{"line":285,"column":25}},"146":{"start":{"line":286,"column":4},"end":{"line":286,"column":75}},"147":{"start":{"line":287,"column":4},"end":{"line":287,"column":33}},"148":{"start":{"line":288,"column":4},"end":{"line":290,"column":5}},"149":{"start":{"line":289,"column":6},"end":{"line":289,"column":24}},"150":{"start":{"line":291,"column":4},"end":{"line":296,"column":5}},"151":{"start":{"line":292,"column":6},"end":{"line":292,"column":71}},"152":{"start":{"line":294,"column":6},"end":{"line":294,"column":18}},"153":{"start":{"line":295,"column":6},"end":{"line":295,"column":41}},"154":{"start":{"line":297,"column":4},"end":{"line":297,"column":39}},"155":{"start":{"line":300,"column":2},"end":{"line":311,"column":4}},"156":{"start":{"line":301,"column":4},"end":{"line":301,"column":25}},"157":{"start":{"line":302,"column":4},"end":{"line":302,"column":75}},"158":{"start":{"line":303,"column":4},"end":{"line":303,"column":33}},"159":{"start":{"line":304,"column":4},"end":{"line":309,"column":5}},"160":{"start":{"line":305,"column":6},"end":{"line":305,"column":60}},"161":{"start":{"line":307,"column":6},"end":{"line":307,"column":18}},"162":{"start":{"line":308,"column":6},"end":{"line":308,"column":41}},"163":{"start":{"line":310,"column":4},"end":{"line":310,"column":39}},"164":{"start":{"line":313,"column":2},"end":{"line":323,"column":4}},"165":{"start":{"line":314,"column":4},"end":{"line":314,"column":20}},"166":{"start":{"line":315,"column":4},"end":{"line":315,"column":75}},"167":{"start":{"line":316,"column":4},"end":{"line":316,"column":39}},"168":{"start":{"line":317,"column":4},"end":{"line":321,"column":5}},"169":{"start":{"line":318,"column":6},"end":{"line":318,"column":22}},"170":{"start":{"line":320,"column":6},"end":{"line":320,"column":61}},"171":{"start":{"line":322,"column":4},"end":{"line":322,"column":39}},"172":{"start":{"line":325,"column":2},"end":{"line":335,"column":4}},"173":{"start":{"line":326,"column":4},"end":{"line":326,"column":20}},"174":{"start":{"line":327,"column":4},"end":{"line":327,"column":75}},"175":{"start":{"line":328,"column":4},"end":{"line":328,"column":39}},"176":{"start":{"line":329,"column":4},"end":{"line":333,"column":5}},"177":{"start":{"line":330,"column":6},"end":{"line":330,"column":22}},"178":{"start":{"line":332,"column":6},"end":{"line":332,"column":61}},"179":{"start":{"line":334,"column":4},"end":{"line":334,"column":39}},"180":{"start":{"line":337,"column":2},"end":{"line":347,"column":4}},"181":{"start":{"line":338,"column":4},"end":{"line":338,"column":20}},"182":{"start":{"line":339,"column":4},"end":{"line":339,"column":75}},"183":{"start":{"line":340,"column":4},"end":{"line":340,"column":39}},"184":{"start":{"line":341,"column":4},"end":{"line":345,"column":5}},"185":{"start":{"line":342,"column":6},"end":{"line":342,"column":22}},"186":{"start":{"line":344,"column":6},"end":{"line":344,"column":59}},"187":{"start":{"line":346,"column":4},"end":{"line":346,"column":39}},"188":{"start":{"line":349,"column":2},"end":{"line":359,"column":4}},"189":{"start":{"line":350,"column":4},"end":{"line":350,"column":20}},"190":{"start":{"line":351,"column":4},"end":{"line":351,"column":75}},"191":{"start":{"line":352,"column":4},"end":{"line":352,"column":39}},"192":{"start":{"line":353,"column":4},"end":{"line":357,"column":5}},"193":{"start":{"line":354,"column":6},"end":{"line":354,"column":22}},"194":{"start":{"line":356,"column":6},"end":{"line":356,"column":59}},"195":{"start":{"line":358,"column":4},"end":{"line":358,"column":39}},"196":{"start":{"line":361,"column":2},"end":{"line":366,"column":4}},"197":{"start":{"line":362,"column":4},"end":{"line":362,"column":20}},"198":{"start":{"line":363,"column":4},"end":{"line":363,"column":75}},"199":{"start":{"line":364,"column":4},"end":{"line":364,"column":44}},"200":{"start":{"line":365,"column":4},"end":{"line":365,"column":39}},"201":{"start":{"line":368,"column":2},"end":{"line":373,"column":4}},"202":{"start":{"line":369,"column":4},"end":{"line":369,"column":20}},"203":{"start":{"line":370,"column":4},"end":{"line":370,"column":75}},"204":{"start":{"line":371,"column":4},"end":{"line":371,"column":44}},"205":{"start":{"line":372,"column":4},"end":{"line":372,"column":39}},"206":{"start":{"line":375,"column":2},"end":{"line":385,"column":4}},"207":{"start":{"line":376,"column":4},"end":{"line":376,"column":25}},"208":{"start":{"line":377,"column":4},"end":{"line":377,"column":75}},"209":{"start":{"line":378,"column":4},"end":{"line":383,"column":5}},"210":{"start":{"line":379,"column":6},"end":{"line":379,"column":34}},"211":{"start":{"line":381,"column":6},"end":{"line":381,"column":18}},"212":{"start":{"line":382,"column":6},"end":{"line":382,"column":41}},"213":{"start":{"line":384,"column":4},"end":{"line":384,"column":39}},"214":{"start":{"line":387,"column":2},"end":{"line":398,"column":4}},"215":{"start":{"line":388,"column":4},"end":{"line":388,"column":25}},"216":{"start":{"line":389,"column":4},"end":{"line":389,"column":75}},"217":{"start":{"line":390,"column":4},"end":{"line":390,"column":38}},"218":{"start":{"line":391,"column":4},"end":{"line":396,"column":5}},"219":{"start":{"line":392,"column":6},"end":{"line":392,"column":34}},"220":{"start":{"line":394,"column":6},"end":{"line":394,"column":18}},"221":{"start":{"line":395,"column":6},"end":{"line":395,"column":41}},"222":{"start":{"line":397,"column":4},"end":{"line":397,"column":39}},"223":{"start":{"line":400,"column":2},"end":{"line":400,"column":14}},"224":{"start":{"line":404,"column":0},"end":{"line":404,"column":28}}},"branchMap":{"1":{"line":16,"type":"if","locations":[{"start":{"line":16,"column":4},"end":{"line":16,"column":4}},{"start":{"line":16,"column":4},"end":{"line":16,"column":4}}]},"2":{"line":24,"type":"if","locations":[{"start":{"line":24,"column":4},"end":{"line":24,"column":4}},{"start":{"line":24,"column":4},"end":{"line":24,"column":4}}]},"3":{"line":25,"type":"if","locations":[{"start":{"line":25,"column":6},"end":{"line":25,"column":6}},{"start":{"line":25,"column":6},"end":{"line":25,"column":6}}]},"4":{"line":37,"type":"if","locations":[{"start":{"line":37,"column":4},"end":{"line":37,"column":4}},{"start":{"line":37,"column":4},"end":{"line":37,"column":4}}]},"5":{"line":40,"type":"if","locations":[{"start":{"line":40,"column":4},"end":{"line":40,"column":4}},{"start":{"line":40,"column":4},"end":{"line":40,"column":4}}]},"6":{"line":43,"type":"if","locations":[{"start":{"line":43,"column":4},"end":{"line":43,"column":4}},{"start":{"line":43,"column":4},"end":{"line":43,"column":4}}]},"7":{"line":46,"type":"if","locations":[{"start":{"line":46,"column":4},"end":{"line":46,"column":4}},{"start":{"line":46,"column":4},"end":{"line":46,"column":4}}]},"8":{"line":48,"type":"if","locations":[{"start":{"line":48,"column":6},"end":{"line":48,"column":6}},{"start":{"line":48,"column":6},"end":{"line":48,"column":6}}]},"9":{"line":52,"type":"if","locations":[{"start":{"line":52,"column":4},"end":{"line":52,"column":4}},{"start":{"line":52,"column":4},"end":{"line":52,"column":4}}]},"10":{"line":55,"type":"if","locations":[{"start":{"line":55,"column":4},"end":{"line":55,"column":4}},{"start":{"line":55,"column":4},"end":{"line":55,"column":4}}]},"11":{"line":58,"type":"if","locations":[{"start":{"line":58,"column":4},"end":{"line":58,"column":4}},{"start":{"line":58,"column":4},"end":{"line":58,"column":4}}]},"12":{"line":61,"type":"if","locations":[{"start":{"line":61,"column":4},"end":{"line":61,"column":4}},{"start":{"line":61,"column":4},"end":{"line":61,"column":4}}]},"13":{"line":68,"type":"switch","locations":[{"start":{"line":69,"column":6},"end":{"line":70,"column":22}},{"start":{"line":71,"column":6},"end":{"line":72,"column":22}},{"start":{"line":73,"column":6},"end":{"line":74,"column":30}},{"start":{"line":75,"column":6},"end":{"line":76,"column":28}},{"start":{"line":77,"column":6},"end":{"line":78,"column":20}}]},"14":{"line":85,"type":"if","locations":[{"start":{"line":85,"column":4},"end":{"line":85,"column":4}},{"start":{"line":85,"column":4},"end":{"line":85,"column":4}}]},"15":{"line":89,"type":"switch","locations":[{"start":{"line":90,"column":6},"end":{"line":90,"column":25}},{"start":{"line":91,"column":6},"end":{"line":94,"column":9}}]},"16":{"line":92,"type":"if","locations":[{"start":{"line":92,"column":8},"end":{"line":92,"column":8}},{"start":{"line":92,"column":8},"end":{"line":92,"column":8}}]},"17":{"line":97,"type":"if","locations":[{"start":{"line":97,"column":4},"end":{"line":97,"column":4}},{"start":{"line":97,"column":4},"end":{"line":97,"column":4}}]},"18":{"line":97,"type":"binary-expr","locations":[{"start":{"line":97,"column":8},"end":{"line":97,"column":37}},{"start":{"line":97,"column":41},"end":{"line":97,"column":56}}]},"19":{"line":98,"type":"if","locations":[{"start":{"line":98,"column":6},"end":{"line":98,"column":6}},{"start":{"line":98,"column":6},"end":{"line":98,"column":6}}]},"20":{"line":103,"type":"if","locations":[{"start":{"line":103,"column":11},"end":{"line":103,"column":11}},{"start":{"line":103,"column":11},"end":{"line":103,"column":11}}]},"21":{"line":104,"type":"if","locations":[{"start":{"line":104,"column":6},"end":{"line":104,"column":6}},{"start":{"line":104,"column":6},"end":{"line":104,"column":6}}]},"22":{"line":109,"type":"if","locations":[{"start":{"line":109,"column":11},"end":{"line":109,"column":11}},{"start":{"line":109,"column":11},"end":{"line":109,"column":11}}]},"23":{"line":110,"type":"if","locations":[{"start":{"line":110,"column":6},"end":{"line":110,"column":6}},{"start":{"line":110,"column":6},"end":{"line":110,"column":6}}]},"24":{"line":115,"type":"if","locations":[{"start":{"line":115,"column":11},"end":{"line":115,"column":11}},{"start":{"line":115,"column":11},"end":{"line":115,"column":11}}]},"25":{"line":116,"type":"if","locations":[{"start":{"line":116,"column":6},"end":{"line":116,"column":6}},{"start":{"line":116,"column":6},"end":{"line":116,"column":6}}]},"26":{"line":191,"type":"if","locations":[{"start":{"line":191,"column":4},"end":{"line":191,"column":4}},{"start":{"line":191,"column":4},"end":{"line":191,"column":4}}]},"27":{"line":194,"type":"if","locations":[{"start":{"line":194,"column":4},"end":{"line":194,"column":4}},{"start":{"line":194,"column":4},"end":{"line":194,"column":4}}]},"28":{"line":210,"type":"if","locations":[{"start":{"line":210,"column":4},"end":{"line":210,"column":4}},{"start":{"line":210,"column":4},"end":{"line":210,"column":4}}]},"29":{"line":213,"type":"if","locations":[{"start":{"line":213,"column":4},"end":{"line":213,"column":4}},{"start":{"line":213,"column":4},"end":{"line":213,"column":4}}]},"30":{"line":288,"type":"if","locations":[{"start":{"line":288,"column":4},"end":{"line":288,"column":4}},{"start":{"line":288,"column":4},"end":{"line":288,"column":4}}]},"31":{"line":317,"type":"if","locations":[{"start":{"line":317,"column":4},"end":{"line":317,"column":4}},{"start":{"line":317,"column":4},"end":{"line":317,"column":4}}]},"32":{"line":329,"type":"if","locations":[{"start":{"line":329,"column":4},"end":{"line":329,"column":4}},{"start":{"line":329,"column":4},"end":{"line":329,"column":4}}]},"33":{"line":341,"type":"if","locations":[{"start":{"line":341,"column":4},"end":{"line":341,"column":4}},{"start":{"line":341,"column":4},"end":{"line":341,"column":4}}]},"34":{"line":353,"type":"if","locations":[{"start":{"line":353,"column":4},"end":{"line":353,"column":4}},{"start":{"line":353,"column":4},"end":{"line":353,"column":4}}]}},"code":["// Generated by CoffeeScript 1.12.4","var CSON, extractOptsAndCallback, fsUtil, pathUtil, requireFresh;","","fsUtil = require('safefs');","","pathUtil = require('path');","","extractOptsAndCallback = require('extract-opts');","","requireFresh = require('requirefresh');","","CSON = (function() {","  function CSON() {}","","  CSON.prototype.ensureErrorType = function(err) {","    if (err instanceof Error) {","      return err;","    } else {","      return this.ensureErrorType(err);","    }","  };","","  CSON.prototype.complete = function(result, next) {","    if (next) {","      if (result instanceof Error) {","        next(result);","      } else {","        next(null, result);","      }","      return this;","    } else {","      return result;","    }","  };","","  CSON.prototype.getOptions = function(opts) {","    if (opts == null) {","      opts = {};","    }","    if (opts.format == null) {","      opts.format = null;","    }","    if (opts.filename == null) {","      opts.filename = null;","    }","    if (opts.filename) {","      opts.filename = pathUtil.resolve(opts.filename);","      if (opts.format == null) {","        opts.format = this.getFormat(opts.filename);","      }","    }","    if (opts.json == null) {","      opts.json = true;","    }","    if (opts.cson == null) {","      opts.cson = true;","    }","    if (opts.javascript == null) {","      opts.javascript = false;","    }","    if (opts.coffeescript == null) {","      opts.coffeescript = false;","    }","    return opts;","  };","","  CSON.prototype.getFormat = function(file) {","    switch (pathUtil.extname(file)) {","      case '.json':","        return 'json';","      case '.cson':","        return 'cson';","      case '.coffee':","        return 'coffeescript';","      case '.js':","        return 'javascript';","      default:","        return null;","    }","  };","","  CSON.prototype.action = function(args) {","    var action, data, next, opts, prefix, ref, ref1, result, suffix;","    action = args.action, prefix = args.prefix, suffix = args.suffix, data = args.data, opts = args.opts, next = args.next;","    if (suffix == null) {","      suffix = '';","    }","    ref = extractOptsAndCallback(opts, next), opts = ref[0], next = ref[1];","    switch (action) {","      case 'requireFile':","      case 'parseFile':","        if (opts.filename == null) {","          opts.filename = data;","        }","    }","    opts = this.getOptions(opts);","    if ((ref1 = opts.format) === null || ref1 === 'cson') {","      if (opts.cson === true) {","        result = this[prefix + 'CSON' + suffix](data, opt
[...]
build(src, opts).code","    \t\tresult = result.replace(/^\\s*result\\s*\\=\\s/, '')","    \t\tif /^\\s/.test(result) is false","    \t\t\tresult = result.trim()","    \t\tif typeof obj is 'object'","    \t\t\tunless Array.isArray(obj)","    \t\t\t\tresult = '{'+result+'}'  unless result is '{}'","    \t\treturn result","     */","  };","","  CSON.prototype.createJSString = function(data, opts, next) {","    var ref, result;","    ref = extractOptsAndCallback(opts, next), opts = ref[0], next = ref[1];","    result = new Error('CSON.createJS: Creating JavaScript code is not yet supported');","    return this.complete(result, next);","  };","","  CSON.prototype.parseJSONString = function(data, opts, next) {","    var err, ref, result;","    ref = extractOptsAndCallback(opts, next), opts = ref[0], next = ref[1];","    try {","      result = JSON.parse(data);","    } catch (error) {","      err = error;","      result = this.ensureErrorType(err);","    }","    return this.complete(result, next);","  };","","  CSON.prototype.parseCSONString = function(data, opts, next) {","    var err, ref, result;","    ref = extractOptsAndCallback(opts, next), opts = ref[0], next = ref[1];","    try {","      result = require('cson-parser').parse(data);","    } catch (error) {","      err = error;","      result = this.ensureErrorType(err);","    }","    return this.complete(result, next);","  };","","  CSON.prototype.parseJSString = function(data, opts, next) {","    var err, ref, result;","    ref = extractOptsAndCallback(opts, next), opts = ref[0], next = ref[1];","    opts = this.getOptions(opts);","    if (opts.context == null) {","      opts.context = {};","    }","    try {","      result = require('vm').runInNewContext(data, opts.context, opts);","    } catch (error) {","      err = error;","      result = this.ensureErrorType(err);","    }","    return this.complete(result, next);","  };","","  CSON.prototype.parseCSString = function(data, opts, next) {","    var err, ref, result;","    ref = extractOptsAndCallback(opts, next), opts = ref[0], next = ref[1];","    opts = this.getOptions(opts);","    try {","      result = require('coffee-script')[\"eval\"](data, opts);","    } catch (error) {","      err = error;","      result = this.ensureErrorType(err);","    }","    return this.complete(result, next);","  };","","  CSON.prototype.parseJSONFile = function(file, opts, next) {","    var ref, result;","    ref = extractOptsAndCallback(opts, next), opts = ref[0], next = ref[1];","    result = fsUtil.readFileSync(file);","    if (result instanceof Error) {","      result = result;","    } else {","      result = this.parseJSONString(result.toString(), opts);","    }","    return this.complete(result, next);","  };","","  CSON.prototype.parseCSONFile = function(file, opts, next) {","    var ref, result;","    ref = extractOptsAndCallback(opts, next), opts = ref[0], next = ref[1];","    result = fsUtil.readFileSync(file);","    if (result instanceof Error) {","      result = result;","    } else {","      result = this.parseCSONString(result.toString(), opts);","    }","    return this.complete(result, next);","  };","","  CSON.prototype.parseJSFile = function(file, opts, next) {","    var ref, result;","    ref = extractOptsAndCallback(opts, next), opts = ref[0], next = ref[1];","    result = fsUtil.readFileSync(file);","    if (result instanceof Error) {","      result = result;","    } else {","      result = this.parseJSString(result.toString(), opts);","    }","    return this.complete(result, next);","  };","","  CSON.prototype.parseCSFile = function(file, opts, next) {","    var ref, result;","    ref = extractOptsAndCallback(opts, next), opts = ref[0], next = ref[1];","    result = fsUtil.readFileSync(file);","    if (result instanceof Error) {","      result = result;","    } else {","      result = this.parseCSString(result.toString(), opts);","    }","    return this.complete(result, next);","  };","","  CSON.prototype.requireJSONFile = function(file, opts, next) {","    var ref, result;","    ref = extractOptsAndCallback(opts, next), opts = ref[0], next = ref[1];","    result = this.parseJSONFile(file, opts);","    return this.complete(result, next);","  };","","  CSON.prototype.requireCSONFile = function(file, opts, next) {","    var ref, result;","    ref = extractOptsAndCallback(opts, next), opts = ref[0], next = ref[1];","    result = this.parseCSONFile(file, opts);","    return this.complete(result, next);","  };","","  CSON.prototype.requireJSFile = function(file, opts, next) {","    var err, ref, result;","    ref = extractOptsAndCallback(opts, next), opts = ref[0], next = ref[1];","    try {","      result = requireFresh(file);","    } catch (error) {","      err = error;","      result = this.ensureErrorType(err);","    }","    return this.complete(result, next);","  };","","  CSON.prototype.requireCSFile = function(file, opts, next) {","    var err, ref, result;","    ref = extractOptsAndCallback(opts, next), opts = ref[0], next = ref[1];","    require('coffee-script/register');","    try {","      result = requireFresh(file);","    } catch (error) {","      err = error;","      result = this.ensureErrorType(err);","    }","    return this.complete(result, next);","  };","","  return CSON;","","})();","","module.exports = new CSON();",""],"l":{"2":1,"4":1,"6":1,"8":1,"10":1,"12":1,"13":1,"15":1,"16":0,"17":0,"19":0,"23":1,"24":0,"25":0,"26":0,"28":0,"30":0,"32":0,"36":1,"37":0,"38":0,"40":0,"41":0,"43":0,"44":0,"46":0,"47":0,"48":0,"49":0,"52":0,"53":0,"55":0,"56":0,"58":0,"59":0,"61":0,"62":0,"64":0,"67":1,"68":0,"70":0,"72":0,"74":0,"76":0,"78":0,"82":1,"83":0,"84":0,"85":0,"86":0,"88":0,"89":0,"92":0,"93":0,"96":0,"97":0,"98":0,"99":0,"101":0,"103":0,"104":0,"105":0,"107":0,"109":0,"110":0,"111":0,"113":0,"115":0,"116":0,"117":0,"119":0,"122":0,"124":0,"127":1,"128":0,"129":0,"130":0,"131":0,"132":0,"135":1,"136":0,"139":1,"140":0,"143":1,"144":0,"154":1,"155":0,"165":1,"166":0,"176":1,"177":0,"187":1,"188":0,"189":0,"190":0,"191":0,"192":0,"194":0,"195":0,"197":0,"198":0,"200":0,"201":0,"203":0,"206":1,"207":0,"208":0,"209":0,"210":0,"211":0,"213":0,"214":0,"216":0,"217":0,"219":0,"220":0,"222":0,"225":1,"226":0,"227":0,"228":0,"229":0,"253":1,"254":0,"255":0,"256":0,"257":0,"260":1,"261":0,"262":0,"263":0,"264":0,"266":0,"267":0,"269":0,"272":1,"273":0,"274":0,"275":0,"276":0,"278":0,"279":0,"281":0,"284":1,"285":0,"286":0,"287":0,"288":0,"289":0,"291":0,"292":0,"294":0,"295":0,"297":0,"300":1,"301":0,"302":0,"303":0,"304":0,"305":0,"307":0,"308":0,"310":0,"313":1,"314":0,"315":0,"316":0,"317":0,"318":0,"320":0,"322":0,"325":1,"326":0,"327":0,"328":0,"329":0,"330":0,"332":0,"334":0,"337":1,"338":0,"339":0,"340":0,"341":0,"342":0,"344":0,"346":0,"349":1,"350":0,"351":0,"352":0,"353":0,"354":0,"356":0,"358":0,"361":1,"362":0,"363":0,"364":0,"365":0,"368":1,"369":0,"370":0,"371":0,"372":0,"375":1,"376":0,"377":0,"378":0,"379":0,"381":0,"382":0,"384":0,"387":1,"388":0,"389":0,"390":0,"391":0,"392":0,"394":0,"395":0,"397":0,"400":1,"404":1}},"/home/travis/build/npmtest/node-npmtest-cson/node_modules/cson/es5/cli.js":{"path":"/home/travis/build/npmtest/node-npmtest-cson/node_modules/cson/es5/cli.js","s":{"1":1,"2":1,"3":1,"4":1,"5":1,"6":0,"7":1,"8":0,"9":0,"10":1,"11":0,"12":1,"13":0,"14":0,"15":0,"16":0,"17":1,"18":1,"19":1,"20":0,"21":0,"22":0,"23":0,"24":0,"25":0,"26":0,"27":0,"28":0,"29":0,"30":0,"31":0,"32":0,"33":1,"34":1,"35":1,"36":0,"37":1,"38":0,"39":0,"40":0,"41":0,"42":0,"43":0,"44":0,"45":0,"46":0,"47":0,"48":0,"49":0,"50":1,"51":0,"52":0,"53":0,"54":0,"55":0,"56":0,"57":1,"58":1,"59":1,"60":1,"61":1,"62":0,"63":1,"64":0,"65":0,"66":0,"67":0,"68":0,"69":0},"b":{"1":[0,1],"2":[0,1],"3":[0,1],"4":[0,0],"5":[0,0],"6":[0,0],"7":[0,0],"8":[0,1],"9":[0,0],"10":[0,0],"11":[0,0],"12":[1,0],"13":[0,0],"14":[0,0],"15":[0,0],"16":[0,0],"17":[0,0]},"f":{"1":0,"2":0,"3":0,"4":0,"5":0,"6":0},"fnMap":{"1":{"name":"(anonymous_1)","line":10,"loc":{"start":{"line":10,"column":13},"end":{"line":10,"column":24}}},"2":{"name":"(anonymous_2)","line":52,"loc":{"start":{"line":52,"column":12},"end":{"line":52,"column":23}}},"3":{"name":"(anonymous_3)","line":55,"loc":{"start":{"line":55,"column":16},"end":{"line":55,"column":27}}},"4":{"name":"(anonymous_4)","line":73,"loc":{"start":{"line":73,"column":20},"end":{"line":73,"column":31}}},"5":{"name":"(anonymous_5)","line":86,"loc":{"start":{"line":86,"column":19},"end":{"line":86,"column":35}}},"6":{"name":"(anonymous_6)","line":89,"loc":{"start":{"line":89,"column":26},"end":{"line":89,"column":37}}}},"statementMap":{"1":{"start":{"line":2,"column":0},"end":{"line":2,"column":140}},"2":{"start":{"line":4,"column":0},"end":{"line":4,"column":19}},"3":{"start":{"line":6,"column":0},"end":{"line":6,"column":22}},"4":{"start":{"line":8,"column":0},"end":{"line":8,"column":10}},"5":{"start":{"line":10,"column":0},"end":{"line":12,"column":2}},"6":{"start":{"line":11,"column":2},"end":{"line":11,"column":443}},"7":{"start":{"line":14,"column":0},"end":{"line":17,"column":1}},"8":{"start":{"line":15,"column":2},"end":{"line":15,"column":15}},"9":{"start":{"line":16,"column":2},"end":{"line":16,"column":18}},"10":{"start":{"line":19,"column":0},"end":{"line":30,"column":1}},"11":{"start":{"line":20,"column":2},"end":{"line":20,"column":27}},"12":{"start":{"line":21,"column":7},"end":{"line":30,"column":1}},"13":{"start":{"line":22,"column":2},"end":{"line":22,"column":27}},"14":{"start":{"line":23,"column":2},"end":{"line":23,"column":190}},"15":{"start":{"line":24,"column":2},"end":{"line":26,"column":3}},"16":{"start":{"line":25,"column":4},"end":{"line":25,"column":78}},"17":{"start":{"line":28,"column":2},"end":{"line":28,"column":45}},"18":{"start":{"line":29,"column":2},"end":{"line":29,"column":18}},"19":{"start":{"line":32,"column":0},"end":{"line":99,"column":1}},"20":{"start":{"line":33,"column":2},"end":{"line":33,"column":29}},"21":{"start":{"line":34,"column":2},"end":{"line":40,"column":3}},"22":{"start":{"line":35,"column":4},"end":{"line":35,"column":42}},"23":{"start":{"line":36,"column":4},"end":{"line":36,"column":46}},"24":{"start":{"line":38,"column":4},"end":{"line":38,"column":42}},"25":{"start":{"line":39,"column":4},"end":{"line":39,"column":46}},"26":{"start":{"line":41,"column":2},"end":{"line":41,"column":27}},"27":{"start":{"line":42,"column":2},"end":{"line":44,"column":3}},"28":{"start":{"line":43,"column":4},"end":{"line":43,"column":17}},"29":{"start":{"line":45,"column":2},"end":{"line":45,"column":32}},"30":{"start":{"line":46,"column":2},"end":{"line":48,"column":3}},"31":{"start":{"line":47,"column":4},"end":{"line":47,"column":17}},"32":{"start":{"line":49,"column":2},"end":{"line":49,"column":31}},"33":{"start":{"line":50,"column":7},"end":{"line":99,"column":1}},"34":{"start":{"line":51,"column":2},"end":{"line":51,"column":12}},"35":{"start":{"line":52,"column":2},"end":{"line":54,"column":4}},"36":{"start":{"line":53,"column":4},"end":{"line":53,"column":48}},"37":{"start":{"line":55,"column":2},"end":{"line":72,"column":4}},"38":{"start":{"line":56,"column":4},"end":{"line":62,"column":5}},"39":{"start":{"line":57,"column":6},"end":{"line":57,"column":46}},"40":{"start":{"line":58,"column":6},"end":{"line":58,"column":48}},"41":{"start":{"line":60,"column":6},"end":{"line":60,"column":46}},"42":{"start":{"line":61,"column":6},"end":{"line":61,"column":48}},"43":{"start":{"line":63,"column":4},"end":{"line":63,"column":25}},"44":{"start":{"line":64,"column":4},"end":{"line":66,"column":5}},"45":{"start":{"line":65,"column":6},"end":{"line":65,"column":19}},"46":{"start":{"line":67,"column":4},"end":{"line":67,"column":34}},"47":{"start":{"line":68,"column":4},"end":{"line":70,"column":5}},"48":{"start":{"line":69,"column":6},"end":{"line":69,"column":19}},"49":{"start":{"line":71,"column":4},"end":{"line":71,"column":40}},"50":{"start":{"line":73,"column":2},"end":{"line":81,"column":4}},"51":{"start":{"line":74,"column":4},"end":{"line":74,"column":16}},"52":{"start":{"line":75,"column":4},"end":{"line":75,"column":19}},"53":{"start":{"line":76,"column":4},"end":{"line":80,"column":5}},"54":{"start":{"line":77,"column":6},"end":{"line":77,"column":20}},"55":{"start":{"line":78,"column":6},"end":{"line":78,"column":56}},"56":{"start":{"line":79,"column":6},"end":{"line":79,"column":29}},"57":{"start":{"line":82,"column":2},"end":{"line":82,"column":46}},"58":{"start":{"line":83,"column":2},"end":{"line":83,"column":24}},"59":{"start":{"line":84,"column":2},"end":{"line":84,"column":28}},"60":{"start":{"line":85,"column":2},"end":{"line":85,"column":17}},"61":{"start":{"line":86,"column":2},"end":{"line":88,"column":5}},"62":{"start":{"line":87,"column":4},"end":{"line":87,"column":36}},"63":{"start":{"line":89,"column":2},"end":{"line":95,"column":5}},"64":{"start":{"line":90,"column":4},"end":{"line":93,"column":5}},"65":{"start":{"line":91,"column":6},"end":{"line":91,"column":28}},"66":{"start":{"line":92,"column":6},"end":{"line":92,"column":21}},"67":{"start":{"line":94,"column":4},"end":{"line":94,"column":25}},"68":{"start":{"line":97,"column":2},"end":{"line":97,"column":15}},"69":{"start":{"line":98,"column":2},"end":{"line":98,"column":18}}},"branchMap":{"1":{"line":14,"type":"if","locations":[{"start":{"line":14,"column":0},"end":{"line":14,"column":0}},{"start":{"line":14,"column":0},"end":{"line":14,"column":0}}]},"2":{"line":19,"type":"if","locations":[{"start":{"line":19,"column":0},"end":{"line":19,"column":0}},{"start":{"line":19,"column":0},"end":{"line":19,"column":0}}]},"3":{"line":21,"type":"if","locations":[{"start":{"line":21,"column":7},"end":{"line":21,"column":7}},{"start":{"line":21,"column":7},"end":{"line":21,"column":7}}]},"4":{"line":23,"type":"cond-expr","locations":[{"start":{"line":23,"column":62},"end":{"line":23,"column":66}},{"start":{"line":23,"column":69},"end":{"line":23,"column":189}}]},"5":{"line":23,"type":"cond-expr","locations":[{"start":{"line":23,"column":118},"end":{"line":23,"column":122}},{"start":{"line":23,"column":125},"end":{"line":23,"column":189}}]},"6":{"line":23,"type":"cond-expr","locations":[{"start":{"line":23,"column":174},"end":{"line":23,"column":180}},{"start":{"line":23,"column":183},"end":{"line":23,"column":189}}]},"7":{"line":24,"type":"if","locations":[{"start":{"line":24,"column":2},"end":{"line":24,"column":2}},{"start":{"line":24,"column":2},"end":{"line":24,"column":2}}]},"8":{"line":32,"type":"if","locations":[{"start":{"line":32,"column":0},"end":{"line":32,"column":0}},{"start":{"line":32,"column":0},"end":{"line":32,"column":0}}]},"9":{"line":34,"type":"if","locations":[{"start":{"line":34,"column":2},"end":{"line":34,"column":2}},{"start":{"line":34,"column":2},"end":{"line":34,"column":2}}]},"10":{"line":42,"type":"if","locations":[{"start":{"line":42,"column":2},"end":{"line":42,"column":2}},{"start":{"line":42,"column":2},"end":{"line":42,"column":2}}]},"11":{"line":46,"type":"if","locations":[{"start":{"line":46,"column":2},"end":{"line":46,"column":2}},{"start":{"line":46,"column":2},"end":{"line":46,"column":2}}]},"12":{"line":50,"type":"if","locations":[{"start":{"line":50,"column":7},"end":{"line":50,"column":7}},{"start":{"line":50,"column":7},"end":{"line":50,"column":7}}]},"13":{"line":56,"type":"if","locations":[{"start":{"line":56,"column":4},"end":{"line":56,"column":4}},{"start":{"line":56,"column":4},"end":{"line":56,"column":4}}]},"14":{"line":64,"type":"if","locations":[{"start":{"line":64,"column":4},"end":{"line":64,"column":4}},{"start":{"line":64,"column":4},"end":{"line":64,"column":4}}]},"15":{"line":68,"type":"if","locations":[{"start":{"line":68,"column":4},"end":{"line":68,"column":4}},{"start":{"line":68,"column":4},"end":{"line":68,"column":4}}]},"16":{"line":76,"type":"if","locations":[{"start":{"line":76,"column":4},"end":{"line":76,"column":4}},{"start":{"line":76,"column":4},"end":{"line":76,"column":4}}]},"17":{"line":90,"type":"if","locations":[{"start":{"line":90,"column":4},"end":{"line":90,"column":4}},{"start":{"line":90,"column":4},"end":{"line":90,"column":4}}]}},"code":["// Generated by CoffeeScript 1.12.4","var CSON, conversion, create, data, filePath, fs, hasData, i, opts, outputHelp, parse, processData, result, stdin, timeout, timeoutFunction;","","fs = require('fs');","","CSON = require('../');","","opts = {};","","outputHelp = function() {","  return process.stdout.write('CSON CLI\\n\\nUsage:\\n\\n\t# Convert a JSON file into a CSON file\\n\tjson2cson in.json > out.cson\\n\\n\t# Same thing via piping\\n\tcat in.json | json2cson > out.cson\\n\\n\t# Convert a CSON file into a JSON file\\n\tcson2json in.cson > out.json\\n\\n\t# Same thing via piping\\n\tcat in.cson | cson2json > out.json\\n\\nOptions\\n\\n\t# Display this help\\n\t--help\\n\\n\t# Indentation for CSON output\\n\t--tabs\\n\t--2spaces\\n\t--4spaces\\n');","};","","if (process.argv.indexOf('--help') !== -1) {","  outputHelp();","  process.exit(0);","}","","if (process.argv.toString().indexOf('cson2json') !== -1) {","  conversion = 'cson2json';","} else if (process.argv.toString().indexOf('json2cson') !== -1) {","  conversion = 'json2cson';","  opts.indent = (i = process.argv.indexOf('--tabs')) !== -1 ? '\\t' : (i = process.argv.indexOf('--2spaces')) !== -1 ? '  ' : (i = process.argv.indexOf('--4spaces')) !== -1 ? '    ' : void 0;","  if (i !== -1) {","    process.argv = process.argv.slice(0, i).concat(process.argv.slice(i + 1));","  }","} else {","  process.stderr.write('Unknown conversion');","  process.exit(1);","}","","if (process.argv.length === 3) {","  filePath = process.argv[2];","  if (conversion === 'cson2json') {","    parse = CSON.parseCSONFile.bind(CSON);","    create = CSON.createJSONString.bind(CSON);","  } else {","    parse = CSON.parseJSONFile.bind(CSON);","    create = CSON.createCSONString.bind(CSON);","  }","  result = parse(filePath);","  if (result instanceof Error) {","    throw result;","  }","  result = create(result, opts);","  if (result instanceof Error) {","    throw result;","  }","  process.stdout.write(result);","} else if (process.argv.length === 2) {","  data = '';","  hasData = function() {","    return data.replace(/\\s+/, '').length !== 0;","  };","  processData = function() {","    if (conversion === 'cson2json') {","      parse = CSON.parseCSONString.bind(CSON);","      create = CSON.createJSONString.bind(CSON);","    } else {","      parse = CSON.parseJSONString.bind(CSON);","      create = CSON.createCSONString.bind(CSON);","    }","    result = parse(data);","    if (result instanceof Error) {","      throw result;","    }","    result = create(result, opts);","    if (result instanceof Error) {","      throw result;","    }","    return process.stdout.write(result);","  };","  timeoutFunction = function() {","    var timeout;","    timeout = null;","    if (hasData() === false) {","      stdin.pause();","      process.stderr.write('No STDIN data received...');","      return process.exit(1);","    }","  };","  timeout = setTimeout(timeoutFunction, 1000);","  stdin = process.stdin;","  stdin.setEncoding('utf8');","  stdin.resume();","  stdin.on('data', function(_data) {","    return data += _data.toString();","  });","  process.stdin.on('end', function() {","    if (timeout) {","      clearTimeout(timeout);","      timeout = null;","    }","    return processData();","  });","} else {","  outputHelp();","  process.exit(1);","}",""],"l":{"2":1,"4":1,"6":1,"8":1,"10":1,"11":0,"14":1,"15":0,"16":0,"19":1,"20":0,"21":1,"22":0,"23":0,"24":0,"25":0,"28":1,"29":1,"32":1,"33":0,"34":0,"35":0,"36":0,"38":0,"39":0,"41":0,"42":0,"43":0,"45":0,"46":0,"47":0,"49":0,"50":1,"51":1,"52":1,"53":0,"55":1,"56":0,"57":0,"58":0,"60":0,"61":0,"63":0,"64":0,"65":0,"67":0,"68":0,"69":0,"71":0,"73":1,"74":0,"75":0,"76":0,"77":0,"78":0,"79":0,"82":1,"83":1,"84":1,"85":1,"86":1,"87":0,"89":1,"90":0,"91":0,"92":0,"94":0,"97":0,"98":0}}}